2010.06.24 19:35 B E:\LMBClub\photos\_IGP8180-Www.jpg --> ftp.lmbclub.org /public_html/photos _IGP8180-Www.jpg
2010.06.24 19:35 B E:\LMBClub\photos\_IGP8178-BrownRorkeDouglas.jpg --> ftp.lmbclub.org /public_html/photos _IGP8178-BrownRorkeDouglas.jpg
2010.06.24 19:35 B E:\LMBClub\photos\_IGP8184-McMillanKline.jpg --> ftp.lmbclub.org /public_html/photos _IGP8184-McMillanKline.jpg
2010.06.24 19:35 B E:\LMBClub\photos\_IGP8173-BrownAndGuest.jpg --> ftp.lmbclub.org /public_html/photos _IGP8173-BrownAndGuest.jpg
2010.06.24 19:35 B E:\LMBClub\photos\_IGP8187-McMillanWwwKline.jpg --> ftp.lmbclub.org /public_html/photos _IGP8187-McMillanWwwKline.jpg
2010.06.24 19:35 B E:\LMBClub\photos\_IGP8168-KHansenFisherSantos.jpg --> ftp.lmbclub.org /public_html/photos _IGP8168-KHansenFisherSantos.jpg
2010.06.24 19:35 B E:\LMBClub\photos\_IGP8175.-Santos.jpg --> ftp.lmbclub.org /public_html/photos _IGP8175.-Santos.jpg
2010.06.24 19:35 B E:\LMBClub\photos\_IGP8177-PetersonBraunKrause.jpg --> ftp.lmbclub.org /public_html/photos _IGP8177-PetersonBraunKrause.jpg
2010.06.24 19:35 B E:\LMBClub\photos\_IGP8183-McMillan.jpg --> ftp.lmbclub.org /public_html/photos _IGP8183-McMillan.jpg
2010.06.24 19:42 B E:\LMBClub\photos\2008COYKrause.jpg <-- Lake Merritt Breakfast Club /public_html/photos 2008COYKrause.jpg
2010.07.02 11:22 B E:\LMBClub\photos\_IGP8212-FinalFoto.jpg --> ftp.lmbclub.org / _IGP8212-FinalFoto.jpg
2010.07.02 11:22 B E:\LMBClub\photos\_IGP8195-KlineMoglia.jpg --> ftp.lmbclub.org / _IGP8195-KlineMoglia.jpg
2010.07.02 11:22 B E:\LMBClub\photos\_IGP8198-Agnell0.jpg --> ftp.lmbclub.org / _IGP8198-Agnell0.jpg
2010.07.02 11:22 B E:\LMBClub\photos\_IGP8203-WWW.jpg --> ftp.lmbclub.org / _IGP8203-WWW.jpg
2010.07.02 11:22 B E:\LMBClub\photos\_IGP8204-Attendance.jpg --> ftp.lmbclub.org / _IGP8204-Attendance.jpg
2010.07.02 11:22 B E:\LMBClub\photos\_IGP8206-Gill.jpg --> ftp.lmbclub.org / _IGP8206-Gill.jpg
2010.07.02 11:22 B E:\LMBClub\photos\_IGP8207-McCreary.jpg --> ftp.lmbclub.org / _IGP8207-McCreary.jpg
2010.07.02 11:22 B E:\LMBClub\photos\_IGP8209-BrownCOD.jpg --> ftp.lmbclub.org / _IGP8209-BrownCOD.jpg
2010.07.02 11:22 B E:\LMBClub\photos\_IGP8210-SpkrZakarian.jpg --> ftp.lmbclub.org / _IGP8210-SpkrZakarian.jpg
2010.07.02 11:23 B E:\LMBClub\photos\_IGP8212-FinalFoto.jpg --> ftp.lmbclub.org /public_html/photos _IGP8212-FinalFoto.jpg
2010.07.02 11:23 B E:\LMBClub\photos\_IGP8195-KlineMoglia.jpg --> ftp.lmbclub.org /public_html/photos _IGP8195-KlineMoglia.jpg
2010.07.02 11:23 B E:\LMBClub\photos\_IGP8198-Agnell0.jpg --> ftp.lmbclub.org /public_html/photos _IGP8198-Agnell0.jpg
2010.07.02 11:24 B E:\LMBClub\photos\_IGP8203-WWW.jpg --> ftp.lmbclub.org /public_html/photos _IGP8203-WWW.jpg
2010.07.02 11:24 B E:\LMBClub\photos\_IGP8204-Attendance.jpg --> ftp.lmbclub.org /public_html/photos _IGP8204-Attendance.jpg
2010.07.02 11:24 B E:\LMBClub\photos\_IGP8206-Gill.jpg --> ftp.lmbclub.org /public_html/photos _IGP8206-Gill.jpg
2010.07.02 11:24 B E:\LMBClub\photos\_IGP8207-McCreary.jpg --> ftp.lmbclub.org /public_html/photos _IGP8207-McCreary.jpg
2010.07.02 11:24 B E:\LMBClub\photos\_IGP8209-BrownCOD.jpg --> ftp.lmbclub.org /public_html/photos _IGP8209-BrownCOD.jpg
2010.07.02 11:24 B E:\LMBClub\photos\_IGP8210-SpkrZakarian.jpg --> ftp.lmbclub.org /public_html/photos _IGP8210-SpkrZakarian.jpg
2010.07.08 15:41 B E:\LMBClub\photos\_IGP8234-GrandFinale.jpg --> ftp.lmbclub.org /public_html/photos _IGP8234-GrandFinale.jpg
2010.07.08 15:41 B E:\LMBClub\photos\_IGP8219-Thompson.jpg --> ftp.lmbclub.org /public_html/photos _IGP8219-Thompson.jpg
2010.07.08 15:42 B E:\LMBClub\photos\_IGP8220-RorkePeterson.jpg --> ftp.lmbclub.org /public_html/photos _IGP8220-RorkePeterson.jpg
2010.07.08 15:42 B E:\LMBClub\photos\_IGP8223-BuffetCook KlineCup.jpg --> ftp.lmbclub.org /public_html/photos _IGP8223-BuffetCook KlineCup.jpg
2010.07.08 15:42 B E:\LMBClub\photos\_IGP8224-PlockEtc.jpg --> ftp.lmbclub.org /public_html/photos _IGP8224-PlockEtc.jpg
2010.07.08 15:42 B E:\LMBClub\photos\_IGP8231-CODGuzman.jpg --> ftp.lmbclub.org /public_html/photos _IGP8231-CODGuzman.jpg
2010.07.08 15:42 B E:\LMBClub\photos\_IGP8232-HamiltonEtc.jpg --> ftp.lmbclub.org /public_html/photos _IGP8232-HamiltonEtc.jpg
2010.07.08 15:42 B E:\LMBClub\photos\_IGP8233-ChessnuttHanson.jpg --> ftp.lmbclub.org /public_html/photos _IGP8233-ChessnuttHanson.jpg
2010.07.08 15:42 B E:\LMBClub\photos\_IGP8230-Krause.jpg --> ftp.lmbclub.org /public_html/photos _IGP8230-Krause.jpg
2010.07.22 17:11 B E:\LMBClub\photos\_IGP8253-Withrow.jpg --> ftp.lmbclub.org /public_html/photos _IGP8253-Withrow.jpg
2010.07.22 17:11 B E:\LMBClub\photos\_IGP8255-GiftCommittee.jpg --> ftp.lmbclub.org /public_html/photos _IGP8255-GiftCommittee.jpg
2010.07.22 17:11 B E:\LMBClub\photos\_IGP8258-WitserHamilton.jpg --> ftp.lmbclub.org /public_html/photos _IGP8258-WitserHamilton.jpg
2010.07.22 17:11 B E:\LMBClub\photos\_IGP8262-LeeKline.jpg --> ftp.lmbclub.org /public_html/photos _IGP8262-LeeKline.jpg
2010.07.22 17:11 B E:\LMBClub\photos\_IGP8260-Lee.jpg --> ftp.lmbclub.org /public_html/photos _IGP8260-Lee.jpg
2010.07.22 17:11 B E:\LMBClub\photos\_IGP8252-Cum-PhillipsGuzman.jpg --> ftp.lmbclub.org /public_html/photos _IGP8252-Cum-PhillipsGuzman.jpg
2010.07.22 17:12 B E:\LMBClub\photos\_IGP8250-QuernerStewart.jpg --> ftp.lmbclub.org /public_html/photos _IGP8250-QuernerStewart.jpg
2010.07.22 17:12 B E:\LMBClub\photos\_IGP8247-McCreary.jpg --> ftp.lmbclub.org /public_html/photos _IGP8247-McCreary.jpg
2010.07.22 17:12 B E:\LMBClub\photos\_IGP8243-PimentelKline.jpg --> ftp.lmbclub.org /public_html/photos _IGP8243-PimentelKline.jpg
2010.07.22 17:12 B E:\LMBClub\photos\_IGP8242-Haskell.jpg --> ftp.lmbclub.org /public_html/photos _IGP8242-Haskell.jpg
2010.07.22 17:12 B E:\LMBClub\photos\_IGP8239-Chinn.jpg --> ftp.lmbclub.org /public_html/photos _IGP8239-Chinn.jpg
2010.07.22 17:12 B E:\LMBClub\photos\_IGP8237-2plocks.jpg --> ftp.lmbclub.org /public_html/photos _IGP8237-2plocks.jpg
2010.07.26 15:00 B E:\LMBClub\photos\IMG_3372_pk_wing.jpg --> ftp.lmbclub.org /public_html/photos IMG_3372_pk_wing.jpg
2010.07.31 11:18 B E:\LMBClub\photos\_IGP8279-KiddKertz.jpg --> ftp.lmbclub.org /public_html/photos _IGP8279-KiddKertz.jpg
2010.07.31 11:18 B E:\LMBClub\photos\_IGP8287-Finale.jpg --> ftp.lmbclub.org /public_html/photos _IGP8287-Finale.jpg
2010.07.31 11:18 B E:\LMBClub\photos\_IGP8268-Rorke.jpg --> ftp.lmbclub.org /public_html/photos _IGP8268-Rorke.jpg
2010.07.31 11:18 B E:\LMBClub\photos\_IGP8272-MogliaOsterloh.jpg --> ftp.lmbclub.org /public_html/photos _IGP8272-MogliaOsterloh.jpg
2010.07.31 11:18 B E:\LMBClub\photos\_IGP8274-GuzmanLibbyKlineInvocation.jpg --> ftp.lmbclub.org /public_html/photos _IGP8274-GuzmanLibbyKlineInvocation.jpg
2010.07.31 11:19 B E:\LMBClub\photos\_IGP8276-MaierBrown.jpg --> ftp.lmbclub.org /public_html/photos _IGP8276-MaierBrown.jpg
2010.07.31 11:19 B E:\LMBClub\photos\_IGP8278-Kidder.jpg --> ftp.lmbclub.org /public_html/photos _IGP8278-Kidder.jpg
2010.07.31 11:19 B E:\LMBClub\photos\_IGP8280GuzmanCOD.jpg --> ftp.lmbclub.org /public_html/photos _IGP8280GuzmanCOD.jpg
2010.07.31 11:19 B E:\LMBClub\photos\_IGP8283-CookSpkr.jpg --> ftp.lmbclub.org /public_html/photos _IGP8283-CookSpkr.jpg
2010.08.06 11:15 B E:\LMBClub\photos\_IGP8307-LurieSpkr.jpg --> ftp.lmbclub.org /public_html/photos _IGP8307-LurieSpkr.jpg
2010.08.06 11:15 B E:\LMBClub\photos\_IGP8288-2Douglas.jpg --> ftp.lmbclub.org /public_html/photos _IGP8288-2Douglas.jpg
2010.08.06 11:15 B E:\LMBClub\photos\_IGP8290-Clancy.jpg --> ftp.lmbclub.org /public_html/photos _IGP8290-Clancy.jpg
2010.08.06 11:15 B E:\LMBClub\photos\_IGP8292-ThatcherHanson.jpg --> ftp.lmbclub.org /public_html/photos _IGP8292-ThatcherHanson.jpg
2010.08.06 11:15 B E:\LMBClub\photos\_IGP8295-McCrearyChavis.jpg --> ftp.lmbclub.org /public_html/photos _IGP8295-McCrearyChavis.jpg
2010.08.06 11:15 B E:\LMBClub\photos\_IGP8297-StewartBugs.jpg --> ftp.lmbclub.org /public_html/photos _IGP8297-StewartBugs.jpg
2010.08.06 11:15 B E:\LMBClub\photos\_IGP8304-Niemann.jpg --> ftp.lmbclub.org /public_html/photos _IGP8304-Niemann.jpg
2010.08.06 11:15 B E:\LMBClub\photos\_IGP8305-Curotto.jpg --> ftp.lmbclub.org /public_html/photos _IGP8305-Curotto.jpg
2010.08.06 11:15 B E:\LMBClub\photos\_IGP8306-MooreCOD.jpg --> ftp.lmbclub.org /public_html/photos _IGP8306-MooreCOD.jpg
2010.08.12 14:43 B E:\LMBClub\photos\_IGP8328-KolodziejKline.jpg --> ftp.lmbclub.org /public_html/photos _IGP8328-KolodziejKline.jpg
2010.08.12 14:43 B E:\LMBClub\photos\_IGP8314-Lee.jpg --> ftp.lmbclub.org /public_html/photos _IGP8314-Lee.jpg
2010.08.12 14:43 B E:\LMBClub\photos\_IGP8315FisherKlineBugs.jpg --> ftp.lmbclub.org /public_html/photos _IGP8315FisherKlineBugs.jpg
2010.08.12 14:43 B E:\LMBClub\photos\_IGP8316-JjJlg.jpg --> ftp.lmbclub.org /public_html/photos _IGP8316-JjJlg.jpg
2010.08.12 14:43 B E:\LMBClub\photos\_IGP8318-KuraschFisherGreenStewart.jpg --> ftp.lmbclub.org /public_html/photos _IGP8318-KuraschFisherGreenStewart.jpg
2010.08.12 14:43 B E:\LMBClub\photos\_IGP8321-Kurrasch.jpg --> ftp.lmbclub.org /public_html/photos _IGP8321-Kurrasch.jpg
2010.08.12 14:43 B E:\LMBClub\photos\_IGP8323PlockHooksInvocationKline.jpg --> ftp.lmbclub.org /public_html/photos _IGP8323PlockHooksInvocationKline.jpg
2010.08.12 14:43 B E:\LMBClub\photos\_IGP8325-PlockCOD.jpg --> ftp.lmbclub.org /public_html/photos _IGP8325-PlockCOD.jpg
2010.08.12 14:43 B E:\LMBClub\photos\_IGP8326-KolodziejSpkr.jpg --> ftp.lmbclub.org /public_html/photos _IGP8326-KolodziejSpkr.jpg
2010.08.19 18:05 B E:\LMBClub\photos\_IGP8347-Finale.jpg --> ftp.lmbclub.org /public_html/photos _IGP8347-Finale.jpg
2010.08.19 18:05 B E:\LMBClub\photos\_IGP8330-krauseSutter.jpg --> ftp.lmbclub.org /public_html/photos _IGP8330-krauseSutter.jpg
2010.08.19 18:05 B E:\LMBClub\photos\_IGP8334-Douglas.jpg --> ftp.lmbclub.org /public_html/photos _IGP8334-Douglas.jpg
2010.08.19 18:05 B E:\LMBClub\photos\_IGP8336-HamiltonThatcherChesnutt.jpg --> ftp.lmbclub.org /public_html/photos _IGP8336-HamiltonThatcherChesnutt.jpg
2010.08.19 18:05 B E:\LMBClub\photos\_IGP8338.-KlineWoodall.jpg --> ftp.lmbclub.org /public_html/photos _IGP8338.-KlineWoodall.jpg
2010.08.19 18:05 B E:\LMBClub\photos\_IGP8341-Braun.jpg --> ftp.lmbclub.org /public_html/photos _IGP8341-Braun.jpg
2010.08.19 18:05 B E:\LMBClub\photos\_IGP8342-GuzmanKline.jpg --> ftp.lmbclub.org /public_html/photos _IGP8342-GuzmanKline.jpg
2010.08.19 18:05 B E:\LMBClub\photos\_IGP8343-AllenSpkr.jpg --> ftp.lmbclub.org /public_html/photos _IGP8343-AllenSpkr.jpg
2010.08.19 18:05 B E:\LMBClub\photos\_IGP8346-CntrBackTable.jpg --> ftp.lmbclub.org /public_html/photos _IGP8346-CntrBackTable.jpg
2010.08.26 15:32 B E:\LMBClub\photos\_IGP8378-Finale.jpg --> ftp.lmbclub.org /public_html _IGP8378-Finale.jpg
2010.08.26 15:32 B E:\LMBClub\photos\_IGP8375-SpkrMcMahon.jpg --> ftp.lmbclub.org /public_html _IGP8375-SpkrMcMahon.jpg
2010.08.26 15:32 B E:\LMBClub\photos\_IGP8371-Frankel.jpg --> ftp.lmbclub.org /public_html _IGP8371-Frankel.jpg
2010.08.26 15:32 B E:\LMBClub\photos\_IGP8367-PresKline.jpg --> ftp.lmbclub.org /public_html _IGP8367-PresKline.jpg
2010.08.26 15:32 B E:\LMBClub\photos\_IGP8366-JLG.jpg --> ftp.lmbclub.org /public_html _IGP8366-JLG.jpg
2010.08.26 15:32 B E:\LMBClub\photos\_IGP8360-Niemann.jpg --> ftp.lmbclub.org /public_html _IGP8360-Niemann.jpg
2010.08.26 15:32 B E:\LMBClub\photos\_IGP8359-GreenPisketelSorenson.jpg --> ftp.lmbclub.org /public_html _IGP8359-GreenPisketelSorenson.jpg
2010.08.26 15:32 B E:\LMBClub\photos\_IGP8358-SutteNotch.jpg --> ftp.lmbclub.org /public_html _IGP8358-SutteNotch.jpg
2010.08.26 15:32 B E:\LMBClub\photos\_IGP8356-HardensteinForline.jpg --> ftp.lmbclub.org /public_html _IGP8356-HardensteinForline.jpg
2010.08.26 15:36 B E:\LMBClub\photos\_IGP8378-Finale.jpg --> ftp.lmbclub.org /public_html/photos _IGP8378-Finale.jpg
2010.08.26 15:36 B E:\LMBClub\photos\_IGP8375-SpkrMcMahon.jpg --> ftp.lmbclub.org /public_html/photos _IGP8375-SpkrMcMahon.jpg
2010.08.26 15:36 B E:\LMBClub\photos\_IGP8371-Frankel.jpg --> ftp.lmbclub.org /public_html/photos _IGP8371-Frankel.jpg
2010.08.26 15:37 B E:\LMBClub\photos\_IGP8367-PresKline.jpg --> ftp.lmbclub.org /public_html/photos _IGP8367-PresKline.jpg
2010.08.26 15:37 B E:\LMBClub\photos\_IGP8366-JLG.jpg --> ftp.lmbclub.org /public_html/photos _IGP8366-JLG.jpg
2010.08.26 15:37 B E:\LMBClub\photos\_IGP8360-Niemann.jpg --> ftp.lmbclub.org /public_html/photos _IGP8360-Niemann.jpg
2010.08.26 15:37 B E:\LMBClub\photos\_IGP8359-GreenPisketelSorenson.jpg --> ftp.lmbclub.org /public_html/photos _IGP8359-GreenPisketelSorenson.jpg
2010.08.26 15:37 B E:\LMBClub\photos\_IGP8358-SutteNotch.jpg --> ftp.lmbclub.org /public_html/photos _IGP8358-SutteNotch.jpg
2010.08.26 15:37 B E:\LMBClub\photos\_IGP8356-HardensteinForline.jpg --> ftp.lmbclub.org /public_html/photos _IGP8356-HardensteinForline.jpg
2010.09.03 10:50 B E:\LMBClub\photos\_IGP8405-SpkrAlonso.jpg --> ftp.lmbclub.org /public_html/photos _IGP8405-SpkrAlonso.jpg
2010.09.03 10:50 B E:\LMBClub\photos\_IGP8386-SpkrAlonso.jpg --> ftp.lmbclub.org /public_html/photos _IGP8386-SpkrAlonso.jpg
2010.09.03 10:50 B E:\LMBClub\photos\_IGP8390-Chesnutt.jpg --> ftp.lmbclub.org /public_html/photos _IGP8390-Chesnutt.jpg
2010.09.03 10:50 B E:\LMBClub\photos\_IGP8394-CjTigard.jpg --> ftp.lmbclub.org /public_html/photos _IGP8394-CjTigard.jpg
2010.09.03 10:50 B E:\LMBClub\photos\_IGP8395-RosenWoodellChinn.jpg --> ftp.lmbclub.org /public_html/photos _IGP8395-RosenWoodellChinn.jpg
2010.09.03 10:51 B E:\LMBClub\photos\_IGP8396-LibbyWongAgnello.jpg --> ftp.lmbclub.org /public_html/photos _IGP8396-LibbyWongAgnello.jpg
2010.09.03 10:51 B E:\LMBClub\photos\_IGP8397-Braun.jpg --> ftp.lmbclub.org /public_html/photos _IGP8397-Braun.jpg
2010.09.03 10:51 B E:\LMBClub\photos\_IGP8400-Kurrasch.jpg --> ftp.lmbclub.org /public_html/photos _IGP8400-Kurrasch.jpg
2010.09.03 10:51 B E:\LMBClub\photos\_IGP8403-GuzmanKline.jpg --> ftp.lmbclub.org /public_html/photos _IGP8403-GuzmanKline.jpg
2010.09.09 16:26 B E:\LMBClub\photos\_IGP8413-HLawrence.jpg --> ftp.lmbclub.org /public_html/photos _IGP8413-HLawrence.jpg
2010.09.09 16:26 B E:\LMBClub\photos\_IGP8430-SpkrLewisGuzman.jpg --> ftp.lmbclub.org /public_html/photos _IGP8430-SpkrLewisGuzman.jpg
2010.09.09 16:26 B E:\LMBClub\photos\_IGP8414McCrearyELawrenceChinn.jpg --> ftp.lmbclub.org /public_html/photos _IGP8414McCrearyELawrenceChinn.jpg
2010.09.09 16:26 B E:\LMBClub\photos\_IGP8415-Clum-Phillips.jpg --> ftp.lmbclub.org /public_html/photos _IGP8415-Clum-Phillips.jpg
2010.09.09 16:26 B E:\LMBClub\photos\_IGP8417-BangertSpkrLewisGuzman.jpg --> ftp.lmbclub.org /public_html/photos _IGP8417-BangertSpkrLewisGuzman.jpg
2010.09.09 16:26 B E:\LMBClub\photos\_IGP8418-DoctorInvocer.jpg --> ftp.lmbclub.org /public_html/photos _IGP8418-DoctorInvocer.jpg
2010.09.09 16:27 B E:\LMBClub\photos\_IGP8423-GiftGang.jpg --> ftp.lmbclub.org /public_html/photos _IGP8423-GiftGang.jpg
2010.09.09 16:27 B E:\LMBClub\photos\_IGP8428-SpkrLewis.jpg --> ftp.lmbclub.org /public_html/photos _IGP8428-SpkrLewis.jpg
2010.09.09 16:27 B E:\LMBClub\photos\_IGP8424-Edgar.jpg --> ftp.lmbclub.org /public_html/photos _IGP8424-Edgar.jpg
2010.09.17 21:38 B E:\LMBClub\photos\_IGP8466-CFLDancers.jpg --> ftp.lmbclub.org /public_html/photos _IGP8466-CFLDancers.jpg
2010.09.17 21:38 B E:\LMBClub\photos\_IGP8474-CJBettsMahlmann.jpg --> ftp.lmbclub.org /public_html/photos _IGP8474-CJBettsMahlmann.jpg
2010.09.17 21:38 B E:\LMBClub\photos\_IGP8469-MembersAtPuppetShiw.jpg --> ftp.lmbclub.org /public_html/photos _IGP8469-MembersAtPuppetShiw.jpg
2010.09.17 21:38 B E:\LMBClub\photos\_IGP8447-TigardKurraschStewartGuzman.jpg --> ftp.lmbclub.org /public_html/photos _IGP8447-TigardKurraschStewartGuzman.jpg
2010.09.17 21:38 B E:\LMBClub\photos\_IGP8443_membersAesopsTheatre.jpg --> ftp.lmbclub.org /public_html/photos _IGP8443_membersAesopsTheatre.jpg
2010.09.17 21:38 B E:\LMBClub\photos\_IGP8442-Fearns.jpg --> ftp.lmbclub.org /public_html/photos _IGP8442-Fearns.jpg
2010.09.17 21:38 B E:\LMBClub\photos\_IGP8439-AltemusSutters.jpg --> ftp.lmbclub.org /public_html/photos _IGP8439-AltemusSutters.jpg
2010.09.17 21:38 B E:\LMBClub\photos\_IGP8438-Hooks.jpg --> ftp.lmbclub.org /public_html/photos _IGP8438-Hooks.jpg
2010.09.17 21:39 B E:\LMBClub\photos\_IGP8435.-ChefPimentel.jpg --> ftp.lmbclub.org /public_html/photos _IGP8435.-ChefPimentel.jpg
2010.09.17 21:39 B E:\LMBClub\photos\_IGP8477-AltemusBettsCJGuzman.jpg --> ftp.lmbclub.org /public_html/photos _IGP8477-AltemusBettsCJGuzman.jpg
2010.09.17 21:39 B E:\LMBClub\photos\_IGP8434-Kidder.jpg --> ftp.lmbclub.org /public_html/photos _IGP8434-Kidder.jpg
2010.09.17 21:39 B E:\LMBClub\photos\_IGP8433-JLG.jpg --> ftp.lmbclub.org /public_html/photos _IGP8433-JLG.jpg
2010.09.17 21:39 B E:\LMBClub\photos\_IGP8435.-ChefPimentel.jpg <-- Lake Merritt Breakfast Club /public_html/photos _IGP8435.-ChefPimentel.jpg
2010.09.30 21:07 B E:\LMBClub\photos\_IGP8526-Kidd.jpg --> ftp.lmbclub.org /public_html/photos _IGP8526-Kidd.jpg
2010.09.30 21:07 B E:\LMBClub\photos\_IGP8530-KlineCoxCatheniSpkr.jpg --> ftp.lmbclub.org /public_html/photos _IGP8530-KlineCoxCatheniSpkr.jpg
2010.09.30 21:07 B E:\LMBClub\photos\_IGP8513-HansenFisher.jpg --> ftp.lmbclub.org /public_html/photos _IGP8513-HansenFisher.jpg
2010.09.30 21:07 B E:\LMBClub\photos\_IGP8517-MadajianAnderson.jpg --> ftp.lmbclub.org /public_html/photos _IGP8517-MadajianAnderson.jpg
2010.09.30 21:08 B E:\LMBClub\photos\_IGP8518-Thompson.jpg --> ftp.lmbclub.org /public_html/photos _IGP8518-Thompson.jpg
2010.09.30 21:08 B E:\LMBClub\photos\_IGP8519-Kline.jpg --> ftp.lmbclub.org /public_html/photos _IGP8519-Kline.jpg
2010.09.30 21:08 B E:\LMBClub\photos\_IGP8521-Rorke.jpg --> ftp.lmbclub.org /public_html/photos _IGP8521-Rorke.jpg
2010.09.30 21:08 B E:\LMBClub\photos\_IGP8527-SpkrCatherineCox.jpg --> ftp.lmbclub.org /public_html/photos _IGP8527-SpkrCatherineCox.jpg
2010.09.30 21:08 B E:\LMBClub\photos\_IGP8522-Douglas.jpg --> ftp.lmbclub.org /public_html/photos _IGP8522-Douglas.jpg
2010.10.02 14:58 B E:\LMBClub\photos\cabaret-italian-style.gif --> ftp.lmbclub.org /public_html/photos cabaret-italian-style.gif
2010.10.07 16:38 B E:\LMBClub\photos\_IGP8553-StaffordklineCup.jpg --> ftp.lmbclub.org /public_html/photos _IGP8553-StaffordklineCup.jpg
2010.10.07 16:39 B E:\LMBClub\photos\_IGP8533-StaffordSpkrBrauns.jpg --> ftp.lmbclub.org /public_html/photos _IGP8533-StaffordSpkrBrauns.jpg
2010.10.07 16:39 B E:\LMBClub\photos\_IGP8535-ChinnMaier.jpg --> ftp.lmbclub.org /public_html/photos _IGP8535-ChinnMaier.jpg
2010.10.07 16:39 B E:\LMBClub\photos\_IGP8537-GreenBraun.jpg --> ftp.lmbclub.org /public_html/photos _IGP8537-GreenBraun.jpg
2010.10.07 16:39 B E:\LMBClub\photos\_IGP8539-GuzmanBraun.jpg --> ftp.lmbclub.org /public_html/photos _IGP8539-GuzmanBraun.jpg
2010.10.07 16:39 B E:\LMBClub\photos\_IGP8541-ThompsonTumanKrause.jpg --> ftp.lmbclub.org /public_html/photos _IGP8541-ThompsonTumanKrause.jpg
2010.10.07 16:39 B E:\LMBClub\photos\_IGP8544-Niemann.jpg --> ftp.lmbclub.org /public_html/photos _IGP8544-Niemann.jpg
2010.10.07 16:39 B E:\LMBClub\photos\_IGP8545-ValvaKiddChinnClumandPhillips.jpg --> ftp.lmbclub.org /public_html/photos _IGP8545-ValvaKiddChinnClumandPhillips.jpg
2010.10.07 16:39 B E:\LMBClub\photos\_IGP8546-NotchDouglas.jpg --> ftp.lmbclub.org /public_html/photos _IGP8546-NotchDouglas.jpg
2010.10.07 16:39 B E:\LMBClub\photos\_IGP8532-Guitarist.jpg --> ftp.lmbclub.org /public_html/photos _IGP8532-Guitarist.jpg
2010.10.07 16:39 B E:\LMBClub\photos\_IGP8549-Moreland.jpg --> ftp.lmbclub.org /public_html/photos _IGP8549-Moreland.jpg
2010.10.07 16:39 B E:\LMBClub\photos\_IGP8551-CODGinsburg.jpg --> ftp.lmbclub.org /public_html/photos _IGP8551-CODGinsburg.jpg
2010.10.15 11:37 B E:\LMBClub\photos\_IGP8576-Finale.jpg --> ftp.lmbclub.org /public_html/photos _IGP8576-Finale.jpg
2010.10.15 11:37 B E:\LMBClub\photos\_IGP8556-Douglas.jpg --> ftp.lmbclub.org /public_html/photos _IGP8556-Douglas.jpg
2010.10.15 11:37 B E:\LMBClub\photos\_IGP8558-PatersonHardensteinForline.jpg --> ftp.lmbclub.org /public_html/photos _IGP8558-PatersonHardensteinForline.jpg
2010.10.15 11:37 B E:\LMBClub\photos\_IGP8559-Fisher.jpg --> ftp.lmbclub.org /public_html/photos _IGP8559-Fisher.jpg
2010.10.15 11:37 B E:\LMBClub\photos\_IGP8562-2Plocks-.jpg --> ftp.lmbclub.org /public_html/photos _IGP8562-2Plocks-.jpg
2010.10.15 11:37 B E:\LMBClub\photos\_IGP8564-ClancyWaligore.jpg --> ftp.lmbclub.org /public_html/photos _IGP8564-ClancyWaligore.jpg
2010.10.15 11:37 B E:\LMBClub\photos\_IGP8565-KimAtBatCastle.jpg --> ftp.lmbclub.org /public_html/photos _IGP8565-KimAtBatCastle.jpg
2010.10.15 11:37 B E:\LMBClub\photos\_IGP8567-Moglia.jpg --> ftp.lmbclub.org /public_html/photos _IGP8567-Moglia.jpg
2010.10.15 11:37 B E:\LMBClub\photos\_IGP8568-Kidder.jpg --> ftp.lmbclub.org /public_html/photos _IGP8568-Kidder.jpg
2010.10.15 11:37 B E:\LMBClub\photos\_IGP8569-GiftsHooks.jpg --> ftp.lmbclub.org /public_html/photos _IGP8569-GiftsHooks.jpg
2010.10.15 11:37 B E:\LMBClub\photos\_IGP8570-LeeCOD.jpg --> ftp.lmbclub.org /public_html/photos _IGP8570-LeeCOD.jpg
2010.10.15 11:37 B E:\LMBClub\photos\_IGP8573-SieeSpkr.jpg --> ftp.lmbclub.org /public_html/photos _IGP8573-SieeSpkr.jpg
2010.10.23 12:22 B E:\LMBClub\photos\_IGP8583-Osterloh&Lorna.jpg --> ftp.lmbclub.org /public_html/photos _IGP8583-Osterloh&Lorna.jpg
2010.10.23 12:22 B E:\LMBClub\photos\_IGP8596-Finale.jpg --> ftp.lmbclub.org /public_html/photos _IGP8596-Finale.jpg
2010.10.23 12:22 B E:\LMBClub\photos\_IGP8577-Kline.jpg --> ftp.lmbclub.org /public_html/photos _IGP8577-Kline.jpg
2010.10.23 12:22 B E:\LMBClub\photos\_IGP8578-RorkeHansenFisher.jpg --> ftp.lmbclub.org /public_html/photos _IGP8578-RorkeHansenFisher.jpg
2010.10.23 12:22 B E:\LMBClub\photos\_IGP8580-JLG.jpg --> ftp.lmbclub.org /public_html/photos _IGP8580-JLG.jpg
2010.10.23 12:22 B E:\LMBClub\photos\_IGP8581-MeagherChinn.jpg --> ftp.lmbclub.org /public_html/photos _IGP8581-MeagherChinn.jpg
2010.10.23 12:22 B E:\LMBClub\photos\_IGP8582-DouglasLeeDouglasSigurdson.jpg --> ftp.lmbclub.org /public_html/photos _IGP8582-DouglasLeeDouglasSigurdson.jpg
2010.10.23 12:22 B E:\LMBClub\photos\_IGP8585-LibbyKline.jpg --> ftp.lmbclub.org /public_html/photos _IGP8585-LibbyKline.jpg
2010.10.23 12:22 B E:\LMBClub\photos\_IGP8586-DouglasMoglia.jpg --> ftp.lmbclub.org /public_html/photos _IGP8586-DouglasMoglia.jpg
2010.10.23 12:22 B E:\LMBClub\photos\_IGP8587-The JetBlacks.jpg --> ftp.lmbclub.org /public_html/photos _IGP8587-The JetBlacks.jpg
2010.10.23 12:22 B E:\LMBClub\photos\_IGP8590-RebeccaWWW.jpg --> ftp.lmbclub.org /public_html/photos _IGP8590-RebeccaWWW.jpg
2010.10.23 12:22 B E:\LMBClub\photos\_IGP8594-LornaKarl.jpg --> ftp.lmbclub.org /public_html/photos _IGP8594-LornaKarl.jpg
2010.10.30 21:53 B E:\LMBClub\photos\_IGP8639-BraunsBrinkman.jpg --> ftp.lmbclub.org /public_html/photos _IGP8639-BraunsBrinkman.jpg
2010.10.30 21:53 B E:\LMBClub\photos\_IGP8629-WilkesFriend.jpg --> ftp.lmbclub.org /public_html/photos _IGP8629-WilkesFriend.jpg
2010.10.30 21:53 B E:\LMBClub\photos\_IGP8630-KidderFriend.jpg --> ftp.lmbclub.org /public_html/photos _IGP8630-KidderFriend.jpg
2010.10.30 21:53 B E:\LMBClub\photos\_IGP8632-Greens.jpg --> ftp.lmbclub.org /public_html/photos _IGP8632-Greens.jpg
2010.10.30 21:53 B E:\LMBClub\photos\_IGP8636-McCrearyBathianyFriendMoore.jpg --> ftp.lmbclub.org /public_html/photos _IGP8636-McCrearyBathianyFriendMoore.jpg
2010.10.30 21:53 B E:\LMBClub\photos\_IGP8638-NiemanFriend.jpg --> ftp.lmbclub.org /public_html/photos _IGP8638-NiemanFriend.jpg
2010.10.30 21:53 B E:\LMBClub\photos\_IGP8625-ChinnThatcherChesnuttOsterberg.jpg --> ftp.lmbclub.org /public_html/photos _IGP8625-ChinnThatcherChesnuttOsterberg.jpg
2010.10.30 21:53 B E:\LMBClub\photos\_IGP8611-MogliaChinn.jpg --> ftp.lmbclub.org /public_html/photos _IGP8611-MogliaChinn.jpg
2010.10.30 21:53 B E:\LMBClub\photos\_IGP8618-MaierBangert.jpg --> ftp.lmbclub.org /public_html/photos _IGP8618-MaierBangert.jpg
2010.10.30 21:53 B E:\LMBClub\photos\_IGP8620-Green.jpg --> ftp.lmbclub.org /public_html/photos _IGP8620-Green.jpg
2010.10.30 21:53 B E:\LMBClub\photos\_IGP8607-Osterberg.jpg --> ftp.lmbclub.org /public_html/photos _IGP8607-Osterberg.jpg
2010.10.30 21:53 B E:\LMBClub\photos\_IGP8600-Peterson.jpg --> ftp.lmbclub.org /public_html/photos _IGP8600-Peterson.jpg
2010.10.30 21:53 B E:\LMBClub\photos\_IGP8602-Gaytons.jpg --> ftp.lmbclub.org /public_html/photos _IGP8602-Gaytons.jpg
2010.10.30 21:53 B E:\LMBClub\photos\_IGP8604-Madajians.jpg --> ftp.lmbclub.org /public_html/photos _IGP8604-Madajians.jpg
2010.10.30 21:53 B E:\LMBClub\photos\_IGP8605-KenRobFriendSylvia.jpg --> ftp.lmbclub.org /public_html/photos _IGP8605-KenRobFriendSylvia.jpg
2010.11.06 15:55 B E:\LMBClub\photos\_IGP8695-Finale.jpg --> ftp.lmbclub.org /public_html _IGP8695-Finale.jpg
2010.11.06 15:55 B E:\LMBClub\photos\_IGP8680-McCreary.jpg --> ftp.lmbclub.org /public_html _IGP8680-McCreary.jpg
2010.11.06 15:55 B E:\LMBClub\photos\_IGP8682-Kidder.jpg --> ftp.lmbclub.org /public_html _IGP8682-Kidder.jpg
2010.11.06 15:55 B E:\LMBClub\photos\_IGP8683--Johnson.jpg --> ftp.lmbclub.org /public_html _IGP8683--Johnson.jpg
2010.11.06 15:55 B E:\LMBClub\photos\_IGP8685-Piskitel.jpg --> ftp.lmbclub.org /public_html _IGP8685-Piskitel.jpg
2010.11.06 15:55 B E:\LMBClub\photos\_IGP8690-SpeakerWWW.jpg --> ftp.lmbclub.org /public_html _IGP8690-SpeakerWWW.jpg
2010.11.06 15:55 B E:\LMBClub\photos\_IGP8691-GuzmanCODSpeakers.jpg --> ftp.lmbclub.org /public_html _IGP8691-GuzmanCODSpeakers.jpg
2010.11.06 15:55 B E:\LMBClub\photos\_IGP8692-Niemannspeaker.jpg --> ftp.lmbclub.org /public_html _IGP8692-Niemannspeaker.jpg
2010.11.06 15:55 B E:\LMBClub\photos\_IGP8679-BraunKline.jpg --> ftp.lmbclub.org /public_html _IGP8679-BraunKline.jpg
2010.11.06 15:55 B E:\LMBClub\photos\_IGP8657-Moore02.jpg --> ftp.lmbclub.org /public_html _IGP8657-Moore02.jpg
2010.11.06 15:55 B E:\LMBClub\photos\_IGP8659-WoodellMeagher.jpg --> ftp.lmbclub.org /public_html _IGP8659-WoodellMeagher.jpg
2010.11.06 15:55 B E:\LMBClub\photos\_IGP8662-DouglasValva.jpg --> ftp.lmbclub.org /public_html _IGP8662-DouglasValva.jpg
2010.11.06 15:55 B E:\LMBClub\photos\_IGP8666-Douglas.jpg --> ftp.lmbclub.org /public_html _IGP8666-Douglas.jpg
2010.11.06 15:55 B E:\LMBClub\photos\_IGP8668-HooksInvocation.jpg --> ftp.lmbclub.org /public_html _IGP8668-HooksInvocation.jpg
2010.11.06 15:55 B E:\LMBClub\photos\_IGP8672--PayneAtbackTable.jpg --> ftp.lmbclub.org /public_html _IGP8672--PayneAtbackTable.jpg
2010.11.06 16:02 B E:\LMBClub\photos\_IGP8695-Finale.jpg --> ftp.lmbclub.org /public_html/photos _IGP8695-Finale.jpg
2010.11.06 16:02 B E:\LMBClub\photos\_IGP8680-McCreary.jpg --> ftp.lmbclub.org /public_html/photos _IGP8680-McCreary.jpg
2010.11.06 16:02 B E:\LMBClub\photos\_IGP8682-Kidder.jpg --> ftp.lmbclub.org /public_html/photos _IGP8682-Kidder.jpg
2010.11.06 16:02 B E:\LMBClub\photos\_IGP8683--Johnson.jpg --> ftp.lmbclub.org /public_html/photos _IGP8683--Johnson.jpg
2010.11.06 16:02 B E:\LMBClub\photos\_IGP8685-Piskitel.jpg --> ftp.lmbclub.org /public_html/photos _IGP8685-Piskitel.jpg
2010.11.06 16:02 B E:\LMBClub\photos\_IGP8690-SpeakerWWW.jpg --> ftp.lmbclub.org /public_html/photos _IGP8690-SpeakerWWW.jpg
2010.11.06 16:02 B E:\LMBClub\photos\_IGP8691-GuzmanCODSpeakers.jpg --> ftp.lmbclub.org /public_html/photos _IGP8691-GuzmanCODSpeakers.jpg
2010.11.06 16:02 B E:\LMBClub\photos\_IGP8692-Niemannspeaker.jpg --> ftp.lmbclub.org /public_html/photos _IGP8692-Niemannspeaker.jpg
2010.11.06 16:02 B E:\LMBClub\photos\VOY2010_IGP8679-BraunKline.jpg --> ftp.lmbclub.org /public_html/photos VOY2010_IGP8679-BraunKline.jpg
2010.11.06 16:02 B E:\LMBClub\photos\_IGP8657-Moore02.jpg --> ftp.lmbclub.org /public_html/photos _IGP8657-Moore02.jpg
2010.11.06 16:02 B E:\LMBClub\photos\_IGP8659-WoodellMeagher.jpg --> ftp.lmbclub.org /public_html/photos _IGP8659-WoodellMeagher.jpg
2010.11.06 16:02 B E:\LMBClub\photos\_IGP8662-DouglasValva.jpg --> ftp.lmbclub.org /public_html/photos _IGP8662-DouglasValva.jpg
2010.11.06 16:02 B E:\LMBClub\photos\_IGP8666-Douglas.jpg --> ftp.lmbclub.org /public_html/photos _IGP8666-Douglas.jpg
2010.11.06 16:02 B E:\LMBClub\photos\_IGP8668-HooksInvocation.jpg --> ftp.lmbclub.org /public_html/photos _IGP8668-HooksInvocation.jpg
2010.11.06 16:02 B E:\LMBClub\photos\_IGP8672--PayneAtbackTable.jpg --> ftp.lmbclub.org /public_html/photos _IGP8672--PayneAtbackTable.jpg
2010.11.06 16:06 B E:\LMBClub\photos\_IGP8679-BraunKline.jpg --> ftp.lmbclub.org /public_html/photos _IGP8679-BraunKline.jpg
2010.11.06 16:17 B E:\LMBClub\photos\_IGP8679-BraunKline.jpg --> ftp.lmbclub.org /public_html/photos _IGP8679-BraunKline.jpg
2010.11.06 16:17 B E:\LMBClub\photos\VOY2010_IGP8679-BraunKline.jpg --> ftp.lmbclub.org /public_html/photos VOY2010_IGP8679-BraunKline.jpg
2010.11.11 21:05 B E:\LMBClub\photos\_IGP8699JLG.jpg --> ftp.lmbclub.org /public_html/photos _IGP8699JLG.jpg
2010.11.11 21:05 B E:\LMBClub\photos\_IGP8701-Kline.jpg --> ftp.lmbclub.org /public_html/photos _IGP8701-Kline.jpg
2010.11.11 21:05 B E:\LMBClub\photos\_IGP8702-LeesHat.jpg --> ftp.lmbclub.org /public_html/photos _IGP8702-LeesHat.jpg
2010.11.11 21:05 B E:\LMBClub\photos\_IGP8704-CJSingsATB.jpg --> ftp.lmbclub.org /public_html/photos _IGP8704-CJSingsATB.jpg
2010.11.11 21:05 B E:\LMBClub\photos\_IGP8705-FisherPledge.jpg --> ftp.lmbclub.org /public_html/photos _IGP8705-FisherPledge.jpg
2010.11.11 21:05 B E:\LMBClub\photos\_IGP8706-GuzmanDoctorInvocsKline.jpg --> ftp.lmbclub.org /public_html/photos _IGP8706-GuzmanDoctorInvocsKline.jpg
2010.11.11 21:05 B E:\LMBClub\photos\_IGP8708-DouglaEngstromHooks.jpg --> ftp.lmbclub.org /public_html/photos _IGP8708-DouglaEngstromHooks.jpg
2010.11.11 21:05 B E:\LMBClub\photos\_IGP8710-Hamilton.jpg --> ftp.lmbclub.org /public_html/photos _IGP8710-Hamilton.jpg
2010.11.11 21:05 B E:\LMBClub\photos\_IGP8712-MAdaThompson.jpg --> ftp.lmbclub.org /public_html/photos _IGP8712-MAdaThompson.jpg
2010.11.11 21:05 B E:\LMBClub\photos\_IGP8714-Guzman.jpg --> ftp.lmbclub.org /public_html/photos _IGP8714-Guzman.jpg
2010.11.11 21:05 B E:\LMBClub\photos\_IGP8715-Richmond.jpg --> ftp.lmbclub.org /public_html/photos _IGP8715-Richmond.jpg
2010.11.11 21:05 B E:\LMBClub\photos\_IGP8717-Finale.jpg --> ftp.lmbclub.org /public_html/photos _IGP8717-Finale.jpg
2010.11.11 21:06 B E:\LMBClub\photos\VOY2010_IGP8679-BraunKline.jpg --> ftp.lmbclub.org /public_html/photos VOY2010_IGP8679-BraunKline.jpg
2010.11.11 21:35 B E:\LMBClub\photos\_IGP8717-Finale.jpg --> ftp.lmbclub.org /public_html/photos _IGP8717-Finale.jpg
2010.11.11 21:35 B E:\LMBClub\photos\_IGP8704-CJSingsATB.jpg --> ftp.lmbclub.org /public_html/photos _IGP8704-CJSingsATB.jpg
2010.11.11 21:35 B E:\LMBClub\photos\_IGP8708-DouglaEngstromHooks.jpg --> ftp.lmbclub.org /public_html/photos _IGP8708-DouglaEngstromHooks.jpg
2010.11.11 21:35 B E:\LMBClub\photos\_IGP8710-Hamilton.jpg --> ftp.lmbclub.org /public_html/photos _IGP8710-Hamilton.jpg
2010.11.11 21:35 B E:\LMBClub\photos\_IGP8712-MAdaThompson.jpg --> ftp.lmbclub.org /public_html/photos _IGP8712-MAdaThompson.jpg
2010.11.11 21:35 B E:\LMBClub\photos\_IGP8714-Guzman.jpg --> ftp.lmbclub.org /public_html/photos _IGP8714-Guzman.jpg
2010.11.11 21:35 B E:\LMBClub\photos\_IGP8715-Richmond.jpg --> ftp.lmbclub.org /public_html/photos _IGP8715-Richmond.jpg
2010.11.11 21:35 B E:\LMBClub\photos\_IGP8706-GuzmanDoctorInvocsKline.jpg --> ftp.lmbclub.org /public_html/photos _IGP8706-GuzmanDoctorInvocsKline.jpg
2010.11.11 21:35 B E:\LMBClub\photos\_IGP8699JLG.jpg --> ftp.lmbclub.org /public_html/photos _IGP8699JLG.jpg
2010.11.11 21:35 B E:\LMBClub\photos\_IGP8701-Kline.jpg --> ftp.lmbclub.org /public_html/photos _IGP8701-Kline.jpg
2010.11.11 21:35 B E:\LMBClub\photos\_IGP8702-LeesHat.jpg --> ftp.lmbclub.org /public_html/photos _IGP8702-LeesHat.jpg
2010.11.11 21:35 B E:\LMBClub\photos\_IGP8705-FisherPledge.jpg --> ftp.lmbclub.org /public_html/photos _IGP8705-FisherPledge.jpg
2010.11.18 16:35 B E:\LMBClub\photos\_IGP8734-finale.jpg --> ftp.lmbclub.org /public_html/photos _IGP8734-finale.jpg
2010.11.18 16:35 B E:\LMBClub\photos\_IGP8719-JLGeorge.jpg --> ftp.lmbclub.org /public_html/photos _IGP8719-JLGeorge.jpg
2010.11.18 16:35 B E:\LMBClub\photos\_IGP8722-KlinePres.jpg --> ftp.lmbclub.org /public_html/photos _IGP8722-KlinePres.jpg
2010.11.18 16:35 B E:\LMBClub\photos\_IGP8723-MaierInvoc.jpg --> ftp.lmbclub.org /public_html/photos _IGP8723-MaierInvoc.jpg
2010.11.18 16:35 B E:\LMBClub\photos\_IGP8725-RosenWWW.jpg --> ftp.lmbclub.org /public_html/photos _IGP8725-RosenWWW.jpg
2010.11.18 16:35 B E:\LMBClub\photos\_IGP8727-BackOuterTable.jpg --> ftp.lmbclub.org /public_html/photos _IGP8727-BackOuterTable.jpg
2010.11.18 16:35 B E:\LMBClub\photos\_IGP8728-Niemann.jpg --> ftp.lmbclub.org /public_html/photos _IGP8728-Niemann.jpg
2010.11.18 16:35 B E:\LMBClub\photos\_IGP8729-GuzmanCOD.jpg --> ftp.lmbclub.org /public_html/photos _IGP8729-GuzmanCOD.jpg
2010.11.18 16:35 B E:\LMBClub\photos\_IGP8730-RamseySpkr.jpg --> ftp.lmbclub.org /public_html/photos _IGP8730-RamseySpkr.jpg
2010.12.03 15:23 B E:\LMBClub\photos\_IGP8771-AveryWilkesKline.jpg --> ftp.lmbclub.org /public_html/photos _IGP8771-AveryWilkesKline.jpg
2010.12.03 15:23 B E:\LMBClub\photos\_IGP8756-OsterlohMogliaDadDaughter.jpg --> ftp.lmbclub.org /public_html/photos _IGP8756-OsterlohMogliaDadDaughter.jpg
2010.12.03 15:23 B E:\LMBClub\photos\_IGP8763-JLG-Zorro.jpg --> ftp.lmbclub.org /public_html/photos _IGP8763-JLG-Zorro.jpg
2010.12.03 15:23 B E:\LMBClub\photos\_IGP8765VonQuerner.jpg --> ftp.lmbclub.org /public_html/photos _IGP8765VonQuerner.jpg
2010.12.03 15:23 B E:\LMBClub\photos\_IGP8767-Tucknott.jpg --> ftp.lmbclub.org /public_html/photos _IGP8767-Tucknott.jpg
2010.12.03 15:23 B E:\LMBClub\photos\_IGP8770.-AveryWilkes.jpg --> ftp.lmbclub.org /public_html/photos _IGP8770.-AveryWilkes.jpg
2010.12.03 15:23 B E:\LMBClub\photos\_IGP8745-Rorke.jpg --> ftp.lmbclub.org /public_html/photos _IGP8745-Rorke.jpg
2010.12.03 15:23 B E:\LMBClub\photos\_IGP8753-MeagherSutter.jpg --> ftp.lmbclub.org /public_html/photos _IGP8753-MeagherSutter.jpg
2010.12.03 15:23 B E:\LMBClub\photos\_IGP8742-Clancy.jpg --> ftp.lmbclub.org /public_html/photos _IGP8742-Clancy.jpg
2010.12.03 15:23 B E:\LMBClub\photos\_IGP8744-MadajianClassen.jpg --> ftp.lmbclub.org /public_html/photos _IGP8744-MadajianClassen.jpg
2010.12.03 15:23 B E:\LMBClub\photos\_IGP8751-AgnelloKrause.jpg --> ftp.lmbclub.org /public_html/photos _IGP8751-AgnelloKrause.jpg
2010.12.03 15:23 B E:\LMBClub\photos\_IGP8752-BackOuterTable.jpg --> ftp.lmbclub.org /public_html/photos _IGP8752-BackOuterTable.jpg
2010.12.10 12:51 B E:\LMBClub\photos\_IGP8814-Finale.jpg --> ftp.lmbclub.org /public_html/photos _IGP8814-Finale.jpg
2010.12.10 12:51 B E:\LMBClub\photos\_IGP8792-BrinkmanMoglia.jpg --> ftp.lmbclub.org /public_html/photos _IGP8792-BrinkmanMoglia.jpg
2010.12.10 12:51 B E:\LMBClub\photos\_IGP8795-ThatcherOsterlohChinn.jpg --> ftp.lmbclub.org /public_html/photos _IGP8795-ThatcherOsterlohChinn.jpg
2010.12.10 12:51 B E:\LMBClub\photos\_IGP8797-JohnsonRosenWoodellPlock.jpg --> ftp.lmbclub.org /public_html/photos _IGP8797-JohnsonRosenWoodellPlock.jpg
2010.12.10 12:51 B E:\LMBClub\photos\_IGP8798-TigardMoglia.jpg --> ftp.lmbclub.org /public_html/photos _IGP8798-TigardMoglia.jpg
2010.12.10 12:51 B E:\LMBClub\photos\_IGP8800-AgnelloSutterDoc.jpg --> ftp.lmbclub.org /public_html/photos _IGP8800-AgnelloSutterDoc.jpg
2010.12.10 12:51 B E:\LMBClub\photos\_IGP8801-Brehm.jpg --> ftp.lmbclub.org /public_html/photos _IGP8801-Brehm.jpg
2010.12.10 12:51 B E:\LMBClub\photos\_IGP8808-Douglas.jpg --> ftp.lmbclub.org /public_html/photos _IGP8808-Douglas.jpg
2010.12.10 12:51 B E:\LMBClub\photos\_IGP8811-StewartWilliams.jpg --> ftp.lmbclub.org /public_html/photos _IGP8811-StewartWilliams.jpg
2010.12.17 18:34 B E:\LMBClub\photos\_IGP8857-KlineWww.jpg --> ftp.lmbclub.org /public_html/photos _IGP8857-KlineWww.jpg
2010.12.17 18:34 B E:\LMBClub\photos\_IGP8819-Gerber.jpg --> ftp.lmbclub.org /public_html/photos _IGP8819-Gerber.jpg
2010.12.17 18:34 B E:\LMBClub\photos\_IGP8821KlineLee.jpg --> ftp.lmbclub.org /public_html/photos _IGP8821KlineLee.jpg
2010.12.17 18:34 B E:\LMBClub\photos\_IGP8823-3plocks.jpg --> ftp.lmbclub.org /public_html/photos _IGP8823-3plocks.jpg
2010.12.17 18:34 B E:\LMBClub\photos\_IGP8825-HansenFisher.jpg --> ftp.lmbclub.org /public_html/photos _IGP8825-HansenFisher.jpg
2010.12.17 18:34 B E:\LMBClub\photos\_IGP8832-NotchJlg.jpg --> ftp.lmbclub.org /public_html/photos _IGP8832-NotchJlg.jpg
2010.12.17 18:34 B E:\LMBClub\photos\_IGP8836-Niemann.jpg --> ftp.lmbclub.org /public_html/photos _IGP8836-Niemann.jpg
2010.12.17 18:34 B E:\LMBClub\photos\_IGP8840-UCChorus.jpg --> ftp.lmbclub.org /public_html/photos _IGP8840-UCChorus.jpg
2010.12.17 18:34 B E:\LMBClub\photos\_IGP8847-UCChorusKline.jpg --> ftp.lmbclub.org /public_html/photos _IGP8847-UCChorusKline.jpg
2010.12.17 18:34 B E:\LMBClub\photos\_IGP8848-Rorke.jpg --> ftp.lmbclub.org /public_html/photos _IGP8848-Rorke.jpg
2010.12.17 18:34 B E:\LMBClub\photos\_IGP8850-PetrisEtal.jpg --> ftp.lmbclub.org /public_html/photos _IGP8850-PetrisEtal.jpg
2010.12.17 18:34 B E:\LMBClub\photos\_IGP8853-McCrearyClum.jpg --> ftp.lmbclub.org /public_html/photos _IGP8853-McCrearyClum.jpg
2011.01.12 11:04 B E:\LMBClub\photos\_IGP8971-StewartKidderKline.jpg --> ftp.lmbclub.org /public_html/photos _IGP8971-StewartKidderKline.jpg
2011.01.12 11:04 B E:\LMBClub\photos\_IGP8948-PimentelChef.jpg --> ftp.lmbclub.org /public_html/photos _IGP8948-PimentelChef.jpg
2011.01.12 11:04 B E:\LMBClub\photos\_IGP8951-ClumPhillips.jpg --> ftp.lmbclub.org /public_html/photos _IGP8951-ClumPhillips.jpg
2011.01.12 11:05 B E:\LMBClub\photos\_IGP8955-GerberAgnelloForline.jpg --> ftp.lmbclub.org /public_html/photos _IGP8955-GerberAgnelloForline.jpg
2011.01.12 11:05 B E:\LMBClub\photos\_IGP8961-tiggard.jpg --> ftp.lmbclub.org /public_html/photos _IGP8961-tiggard.jpg
2011.01.12 11:05 B E:\LMBClub\photos\_IGP8968-Kline.jpg --> ftp.lmbclub.org /public_html/photos _IGP8968-Kline.jpg
2011.01.12 11:05 B E:\LMBClub\photos\_IGP8947-NiemanBrownGuzman.jpg --> ftp.lmbclub.org /public_html/photos _IGP8947-NiemanBrownGuzman.jpg
2011.01.12 11:05 B E:\LMBClub\photos\_IGP8938-CjGerber.jpg --> ftp.lmbclub.org /public_html/photos _IGP8938-CjGerber.jpg
2011.01.12 11:05 B E:\LMBClub\photos\_IGP8941-AltemusKline.jpg --> ftp.lmbclub.org /public_html/photos _IGP8941-AltemusKline.jpg
2011.01.12 11:05 B E:\LMBClub\photos\_IGP8942-GuzmanStewart.jpg --> ftp.lmbclub.org /public_html/photos _IGP8942-GuzmanStewart.jpg
2011.01.12 11:05 B E:\LMBClub\photos\_IGP8943-REFRESHMENTS.jpg --> ftp.lmbclub.org /public_html/photos _IGP8943-REFRESHMENTS.jpg
2011.01.12 11:05 B E:\LMBClub\photos\_IGP8944-JLGMUSIC.jpg --> ftp.lmbclub.org /public_html/photos _IGP8944-JLGMUSIC.jpg
2011.02.10 15:49 B E:\LMBClub\photos\_IGP9043-Clum-phillips.jpg --> ftp.lmbclub.org /public_html/photos _IGP9043-Clum-phillips.jpg
2011.02.10 15:49 B E:\LMBClub\photos\_IGP9046-Finale.jpg --> ftp.lmbclub.org /public_html/photos _IGP9046-Finale.jpg
2011.02.10 15:49 B E:\LMBClub\photos\_IGP9034-RorkeBrown.jpg --> ftp.lmbclub.org /public_html/photos _IGP9034-RorkeBrown.jpg
2011.02.10 15:49 B E:\LMBClub\photos\_IGP9039ValentineDance.jpg --> ftp.lmbclub.org /public_html/photos _IGP9039ValentineDance.jpg
2011.02.10 15:49 B E:\LMBClub\photos\_IGP9040-BangertCOD.jpg --> ftp.lmbclub.org /public_html/photos _IGP9040-BangertCOD.jpg
2011.02.10 15:49 B E:\LMBClub\photos\_IGP9044-Clum-phillipsCupGuzman.jpg --> ftp.lmbclub.org /public_html/photos _IGP9044-Clum-phillipsCupGuzman.jpg
2011.02.10 15:49 B E:\LMBClub\photos\_IGP9032-Wong.jpg --> ftp.lmbclub.org /public_html/photos _IGP9032-Wong.jpg
2011.02.10 15:49 B E:\LMBClub\photos\_IGP9018-StewartMoglia.jpg --> ftp.lmbclub.org /public_html/photos _IGP9018-StewartMoglia.jpg
2011.02.10 15:49 B E:\LMBClub\photos\_IGP9019-DouglaRahel.jpg --> ftp.lmbclub.org /public_html/photos _IGP9019-DouglaRahel.jpg
2011.02.10 15:49 B E:\LMBClub\photos\_IGP9022-Woodell.jpg --> ftp.lmbclub.org /public_html/photos _IGP9022-Woodell.jpg
2011.02.10 15:49 B E:\LMBClub\photos\_IGP9024Hanson.jpg --> ftp.lmbclub.org /public_html/photos _IGP9024Hanson.jpg
2011.02.10 15:49 B E:\LMBClub\photos\_IGP9027-BangertMiragliaGuzman.jpg --> ftp.lmbclub.org /public_html/photos _IGP9027-BangertMiragliaGuzman.jpg
2011.02.17 16:26 B E:\LMBClub\photos\_IGP9072-Finale.jpg --> ftp.lmbclub.org /public_html/photos _IGP9072-Finale.jpg
2011.02.17 16:26 B E:\LMBClub\photos\_IGP9047-WWW.jpg --> ftp.lmbclub.org /public_html/photos _IGP9047-WWW.jpg
2011.02.17 16:26 B E:\LMBClub\photos\_IGP9054-Gerber-FrontTable.jpg --> ftp.lmbclub.org /public_html/photos _IGP9054-Gerber-FrontTable.jpg
2011.02.17 16:26 B E:\LMBClub\photos\_IGP9056FrontTable.jpg --> ftp.lmbclub.org /public_html/photos _IGP9056FrontTable.jpg
2011.02.17 16:26 B E:\LMBClub\photos\_IGP9057-ClumPhillips.jpg --> ftp.lmbclub.org /public_html/photos _IGP9057-ClumPhillips.jpg
2011.02.17 16:26 B E:\LMBClub\photos\_IGP9061-BathianyGill.jpg --> ftp.lmbclub.org /public_html/photos _IGP9061-BathianyGill.jpg
2011.02.17 16:26 B E:\LMBClub\photos\_IGP9064-Thompson.jpg --> ftp.lmbclub.org /public_html/photos _IGP9064-Thompson.jpg
2011.02.17 16:26 B E:\LMBClub\photos\_IGP9066-CODBrown.jpg --> ftp.lmbclub.org /public_html/photos _IGP9066-CODBrown.jpg
2011.02.17 16:26 B E:\LMBClub\photos\_IGP9069-Russo.jpg --> ftp.lmbclub.org /public_html/photos _IGP9069-Russo.jpg
2011.02.17 16:29 B E:\LMBClub\photos\_IGP9032-Wong.jpg <-- Lake Merritt Breakfast Club /public_html/photos _IGP9032-Wong.jpg
2011.02.17 16:29 B E:\LMBClub\photos\_IGP9034-RorkeBrown.jpg <-- Lake Merritt Breakfast Club /public_html/photos _IGP9034-RorkeBrown.jpg
2011.02.17 16:29 B E:\LMBClub\photos\_IGP9039ValentineDance.jpg <-- Lake Merritt Breakfast Club /public_html/photos _IGP9039ValentineDance.jpg
2011.02.17 16:29 B E:\LMBClub\photos\_IGP9040-BangertCOD.jpg <-- Lake Merritt Breakfast Club /public_html/photos _IGP9040-BangertCOD.jpg
2011.02.17 16:29 B E:\LMBClub\photos\_IGP9043-Clum-phillips.jpg <-- Lake Merritt Breakfast Club /public_html/photos _IGP9043-Clum-phillips.jpg
2011.02.17 16:29 B E:\LMBClub\photos\_IGP9044-Clum-phillipsCupGuzman.jpg <-- Lake Merritt Breakfast Club /public_html/photos _IGP9044-Clum-phillipsCupGuzman.jpg
2011.02.17 16:29 B E:\LMBClub\photos\_IGP9046-Finale.jpg <-- Lake Merritt Breakfast Club /public_html/photos _IGP9046-Finale.jpg
2011.02.17 16:29 B E:\LMBClub\photos\_IGP9018-StewartMoglia.jpg <-- Lake Merritt Breakfast Club /public_html/photos _IGP9018-StewartMoglia.jpg
2011.02.17 16:29 B E:\LMBClub\photos\_IGP9019-DouglaRahel.jpg <-- Lake Merritt Breakfast Club /public_html/photos _IGP9019-DouglaRahel.jpg
2011.02.17 16:29 B E:\LMBClub\photos\_IGP9022-Woodell.jpg <-- Lake Merritt Breakfast Club /public_html/photos _IGP9022-Woodell.jpg
2011.02.17 16:29 B E:\LMBClub\photos\_IGP9024Hanson.jpg <-- Lake Merritt Breakfast Club /public_html/photos _IGP9024Hanson.jpg
2011.02.17 16:29 B E:\LMBClub\photos\_IGP9027-BangertMiragliaGuzman.jpg <-- Lake Merritt Breakfast Club /public_html/photos _IGP9027-BangertMiragliaGuzman.jpg
2011.02.26 16:27 B E:\LMBClub\photos\_IGP9094-WWWPimentel.jpg --> ftp.lmbclub.org /public_html/photos _IGP9094-WWWPimentel.jpg
2011.02.26 16:27 B E:\LMBClub\photos\_IGP9112-GuzmanKurrasch.jpg --> ftp.lmbclub.org /public_html/photos _IGP9112-GuzmanKurrasch.jpg
2011.02.26 16:27 B E:\LMBClub\photos\_IGP9090-ActiveCrabbers.jpg --> ftp.lmbclub.org /public_html/photos _IGP9090-ActiveCrabbers.jpg
2011.02.26 16:27 B E:\LMBClub\photos\_IGP9092-ChinnBrinkman.jpg --> ftp.lmbclub.org /public_html/photos _IGP9092-ChinnBrinkman.jpg
2011.02.26 16:27 B E:\LMBClub\photos\_IGP9098-ChesnuttCarolSon.jpg --> ftp.lmbclub.org /public_html/photos _IGP9098-ChesnuttCarolSon.jpg
2011.02.26 16:27 B E:\LMBClub\photos\_IGP9103WaltersWoodellandX.jpg --> ftp.lmbclub.org /public_html/photos _IGP9103WaltersWoodellandX.jpg
2011.02.26 16:27 B E:\LMBClub\photos\_IGP9105-PlockHardenstineMccreary.jpg --> ftp.lmbclub.org /public_html/photos _IGP9105-PlockHardenstineMccreary.jpg
2011.02.26 16:27 B E:\LMBClub\photos\_IGP9096-PetersonFriends.jpg --> ftp.lmbclub.org /public_html/photos _IGP9096-PetersonFriends.jpg
2011.02.26 16:27 B E:\LMBClub\photos\_IGP9095-CJ.jpg --> ftp.lmbclub.org /public_html/photos _IGP9095-CJ.jpg
2011.02.26 16:27 B E:\LMBClub\photos\_IGP9085-AtTheBar.jpg --> ftp.lmbclub.org /public_html/photos _IGP9085-AtTheBar.jpg
2011.02.26 16:27 B E:\LMBClub\photos\_IGP9086-MogliaVonQ..jpg --> ftp.lmbclub.org /public_html/photos _IGP9086-MogliaVonQ..jpg
2011.02.26 16:27 B E:\LMBClub\photos\_IGP9106-Osterloh.jpg --> ftp.lmbclub.org /public_html/photos _IGP9106-Osterloh.jpg
2011.02.26 16:27 B E:\LMBClub\photos\_IGP9085-AtTheBar.jpg <-- Lake Merritt Breakfast Club /public_html/photos _IGP9085-AtTheBar.jpg
2011.02.26 16:27 B E:\LMBClub\photos\_IGP9086-MogliaVonQ..jpg <-- Lake Merritt Breakfast Club /public_html/photos _IGP9086-MogliaVonQ..jpg
2011.02.26 16:27 B E:\LMBClub\photos\_IGP9090-ActiveCrabbers.jpg <-- Lake Merritt Breakfast Club /public_html/photos _IGP9090-ActiveCrabbers.jpg
2011.02.26 16:28 B E:\LMBClub\photos\_IGP9092-ChinnBrinkman.jpg <-- Lake Merritt Breakfast Club /public_html/photos _IGP9092-ChinnBrinkman.jpg
2011.02.26 16:28 B E:\LMBClub\photos\_IGP9094-WWWPimentel.jpg <-- Lake Merritt Breakfast Club /public_html/photos _IGP9094-WWWPimentel.jpg
2011.02.26 16:28 B E:\LMBClub\photos\_IGP9095-CJ.jpg <-- Lake Merritt Breakfast Club /public_html/photos _IGP9095-CJ.jpg
2011.02.26 16:28 B E:\LMBClub\photos\_IGP9096-PetersonFriends.jpg <-- Lake Merritt Breakfast Club /public_html/photos _IGP9096-PetersonFriends.jpg
2011.02.26 16:28 B E:\LMBClub\photos\_IGP9098-ChesnuttCarolSon.jpg <-- Lake Merritt Breakfast Club /public_html/photos _IGP9098-ChesnuttCarolSon.jpg
2011.02.26 16:28 B E:\LMBClub\photos\_IGP9103WaltersWoodellandX.jpg <-- Lake Merritt Breakfast Club /public_html/photos _IGP9103WaltersWoodellandX.jpg
2011.02.26 16:28 B E:\LMBClub\photos\_IGP9105-PlockHardenstineMccreary.jpg <-- Lake Merritt Breakfast Club /public_html/photos _IGP9105-PlockHardenstineMccreary.jpg
2011.02.26 16:28 B E:\LMBClub\photos\_IGP9106-Osterloh.jpg <-- Lake Merritt Breakfast Club /public_html/photos _IGP9106-Osterloh.jpg
2011.03.02 16:32 B E:\LMBClub\photos\_IGP9112-finale.jpg --> ftp.lmbclub.org /public_html/photos _IGP9112-finale.jpg
2011.03.03 14:48 B E:\LMBClub\photos\_IGP9118McCreary.jpg --> ftp.lmbclub.org /public_html _IGP9118McCreary.jpg
2011.03.03 14:49 B E:\LMBClub\photos\_IGP9116-kline.jpg --> ftp.lmbclub.org /public_html _IGP9116-kline.jpg
2011.03.03 14:49 B E:\LMBClub\photos\_IGP9117-Agnello.jpg --> ftp.lmbclub.org /public_html _IGP9117-Agnello.jpg
2011.03.03 14:53 B E:\LMBClub\photos\_IGP9116-kline.jpg --> ftp.lmbclub.org /public_html/photos _IGP9116-kline.jpg
2011.03.03 14:53 B E:\LMBClub\photos\_IGP9117-Agnello.jpg --> ftp.lmbclub.org /public_html/photos _IGP9117-Agnello.jpg
2011.03.03 14:53 B E:\LMBClub\photos\_IGP9118McCreary.jpg --> ftp.lmbclub.org /public_html/photos _IGP9118McCreary.jpg
2011.04.14 18:10 B E:\LMBClub\photos\_IGP9173ChiefBatts.jpg --> ftp.lmbclub.org /public_html/photos _IGP9173ChiefBatts.jpg
2011.04.14 18:10 B E:\LMBClub\photos\_IGP9159-BraunPetersonClum.jpg --> ftp.lmbclub.org /public_html/photos _IGP9159-BraunPetersonClum.jpg
2011.04.14 18:10 B E:\LMBClub\photos\_IGP9162-PresGuzman.jpg --> ftp.lmbclub.org /public_html/photos _IGP9162-PresGuzman.jpg
2011.04.14 18:10 B E:\LMBClub\photos\_IGP9163LDouglas.jpg --> ftp.lmbclub.org /public_html/photos _IGP9163LDouglas.jpg
2011.04.14 18:10 B E:\LMBClub\photos\_IGP9164HooksInvocer.jpg --> ftp.lmbclub.org /public_html/photos _IGP9164HooksInvocer.jpg
2011.04.14 18:10 B E:\LMBClub\photos\_IGP9165-Chavis.jpg --> ftp.lmbclub.org /public_html/photos _IGP9165-Chavis.jpg
2011.04.14 18:10 B E:\LMBClub\photos\_IGP9166-Sorensen.jpg --> ftp.lmbclub.org /public_html/photos _IGP9166-Sorensen.jpg
2011.04.14 18:10 B E:\LMBClub\photos\_IGP9167-SDouglas.jpg --> ftp.lmbclub.org /public_html/photos _IGP9167-SDouglas.jpg
2011.04.14 18:10 B E:\LMBClub\photos\_IGP9170-CODBrown.jpg --> ftp.lmbclub.org /public_html/photos _IGP9170-CODBrown.jpg
2011.04.21 16:57 B E:\LMBClub\photos\_IGP9177-JLGeorge.jpg --> ftp.lmbclub.org /public_html/photos _IGP9177-JLGeorge.jpg
2011.04.21 16:57 B E:\LMBClub\photos\_IGP9193-RileyGilmoreGuzman.jpg --> ftp.lmbclub.org /public_html/photos _IGP9193-RileyGilmoreGuzman.jpg
2011.04.21 16:57 B E:\LMBClub\photos\_IGP9183-MiragliaInvocer.jpg --> ftp.lmbclub.org /public_html/photos _IGP9183-MiragliaInvocer.jpg
2011.04.21 16:57 B E:\LMBClub\photos\_IGP9187-Royce.jpg --> ftp.lmbclub.org /public_html/photos _IGP9187-Royce.jpg
2011.04.21 16:57 B E:\LMBClub\photos\_IGP9188-Krause.jpg --> ftp.lmbclub.org /public_html/photos _IGP9188-Krause.jpg
2011.04.21 16:57 B E:\LMBClub\photos\_IGP9191-CODRiley.jpg --> ftp.lmbclub.org /public_html/photos _IGP9191-CODRiley.jpg
2011.04.21 16:57 B E:\LMBClub\photos\_IGP9192-CODRileyGilmreSpPresGuzman.jpg --> ftp.lmbclub.org /public_html/photos _IGP9192-CODRileyGilmreSpPresGuzman.jpg
2011.04.21 16:57 B E:\LMBClub\photos\_IGP9179ChesnuttThatcher.jpg --> ftp.lmbclub.org /public_html/photos _IGP9179ChesnuttThatcher.jpg
2011.04.21 16:57 B E:\LMBClub\photos\_IGP9180-PresGuzman.jpg --> ftp.lmbclub.org /public_html/photos _IGP9180-PresGuzman.jpg
2011.04.21 16:57 B E:\LMBClub\photos\_IGP9176-DouglasSigurdson.jpg --> ftp.lmbclub.org /public_html/photos _IGP9176-DouglasSigurdson.jpg
2011.04.21 16:57 B E:\LMBClub\photos\_IGP9182-Osterberg.jpg --> ftp.lmbclub.org /public_html/photos _IGP9182-Osterberg.jpg
2011.04.21 16:57 B E:\LMBClub\photos\_IGP9175-PAYTABLE.jpg --> ftp.lmbclub.org /public_html/photos _IGP9175-PAYTABLE.jpg
2011.04.28 17:40 B E:\LMBClub\photos\_IGP9238-MorrisonSpkrDouglasCOD.jpg --> ftp.lmbclub.org /public_html/photos _IGP9238-MorrisonSpkrDouglasCOD.jpg
2011.04.28 17:41 B E:\LMBClub\photos\_IGP9240-MorrisonSpkr.jpg --> ftp.lmbclub.org /public_html/photos _IGP9240-MorrisonSpkr.jpg
2011.04.28 17:41 B E:\LMBClub\photos\_IGP9243-Finale.jpg --> ftp.lmbclub.org /public_html/photos _IGP9243-Finale.jpg
2011.04.28 17:41 B E:\LMBClub\photos\_IGP9231-MaierInvocGuzman.jpg --> ftp.lmbclub.org /public_html/photos _IGP9231-MaierInvocGuzman.jpg
2011.04.28 17:41 B E:\LMBClub\photos\_IGP9233-JohnsonBaseball.jpg --> ftp.lmbclub.org /public_html/photos _IGP9233-JohnsonBaseball.jpg
2011.04.28 17:41 B E:\LMBClub\photos\_IGP9235-ClumBDayChair.jpg --> ftp.lmbclub.org /public_html/photos _IGP9235-ClumBDayChair.jpg
2011.04.28 17:41 B E:\LMBClub\photos\_IGP9229-Hooks.jpg --> ftp.lmbclub.org /public_html/photos _IGP9229-Hooks.jpg
2011.04.28 17:41 B E:\LMBClub\photos\_IGP9214-ClassenHansen.jpg --> ftp.lmbclub.org /public_html/photos _IGP9214-ClassenHansen.jpg
2011.04.28 17:41 B E:\LMBClub\photos\_IGP9220-JLGeorge.jpg --> ftp.lmbclub.org /public_html/photos _IGP9220-JLGeorge.jpg
2011.04.28 17:41 B E:\LMBClub\photos\_IGP9221-PlockMeagher.jpg --> ftp.lmbclub.org /public_html/photos _IGP9221-PlockMeagher.jpg
2011.04.28 17:41 B E:\LMBClub\photos\_IGP9223-PatersonHansenRorke.jpg --> ftp.lmbclub.org /public_html/photos _IGP9223-PatersonHansenRorke.jpg
2011.04.28 17:41 B E:\LMBClub\photos\_IGP9226-ClumValva.jpg --> ftp.lmbclub.org /public_html/photos _IGP9226-ClumValva.jpg
2011.05.07 15:21 B E:\LMBClub\photos\_IGP9265-Finale.jpg --> ftp.lmbclub.org /public_html/photos _IGP9265-Finale.jpg
2011.05.07 15:21 B E:\LMBClub\photos\_IGP9261-FrankelNewRochaGuzman.jpg --> ftp.lmbclub.org /public_html/photos _IGP9261-FrankelNewRochaGuzman.jpg
2011.05.07 15:21 B E:\LMBClub\photos\_IGP9262-FrankelCOD.jpg --> ftp.lmbclub.org /public_html/photos _IGP9262-FrankelCOD.jpg
2011.05.07 15:21 B E:\LMBClub\photos\_IGP9263-RacanelliSpeaking.jpg --> ftp.lmbclub.org /public_html/photos _IGP9263-RacanelliSpeaking.jpg
2011.05.07 15:21 B E:\LMBClub\photos\_IGP9258-CurottoLibbyOsterberg.jpg --> ftp.lmbclub.org /public_html/photos _IGP9258-CurottoLibbyOsterberg.jpg
2011.05.07 15:22 B E:\LMBClub\photos\_IGP9254-OsterbergFrankel.jpg --> ftp.lmbclub.org /public_html/photos _IGP9254-OsterbergFrankel.jpg
2011.05.07 15:22 B E:\LMBClub\photos\_IGP9257-KurraschInvocFrankelGuzman.jpg --> ftp.lmbclub.org /public_html/photos _IGP9257-KurraschInvocFrankelGuzman.jpg
2011.05.07 15:22 B E:\LMBClub\photos\_IGP9256-Rorke.jpg --> ftp.lmbclub.org /public_html/photos _IGP9256-Rorke.jpg
2011.05.07 15:22 B E:\LMBClub\photos\_IGP9246-HansenFisherMoglia.jpg --> ftp.lmbclub.org /public_html/photos _IGP9246-HansenFisherMoglia.jpg
2011.05.07 15:22 B E:\LMBClub\photos\_IGP9247-Douglas.jpg --> ftp.lmbclub.org /public_html/photos _IGP9247-Douglas.jpg
2011.05.07 15:22 B E:\LMBClub\photos\_IGP9248-Osterberg.jpg --> ftp.lmbclub.org /public_html/photos _IGP9248-Osterberg.jpg
2011.05.07 15:22 B E:\LMBClub\photos\_IGP9249-Hanson.jpg --> ftp.lmbclub.org /public_html/photos _IGP9249-Hanson.jpg
2011.05.07 15:25 B E:\LMBClub\photos\_IGP9238-MorrisonSpkrDouglasCOD.jpg --> ftp.lmbclub.org /public_html/photos _IGP9238-MorrisonSpkrDouglasCOD.jpg
2011.05.07 15:25 B E:\LMBClub\photos\_IGP9240-MorrisonSpkr.jpg --> ftp.lmbclub.org /public_html/photos _IGP9240-MorrisonSpkr.jpg
2011.05.07 15:25 B E:\LMBClub\photos\_IGP9243-Finale.jpg --> ftp.lmbclub.org /public_html/photos _IGP9243-Finale.jpg
2011.05.07 15:25 B E:\LMBClub\photos\_IGP9231-MaierInvocGuzman.jpg --> ftp.lmbclub.org /public_html/photos _IGP9231-MaierInvocGuzman.jpg
2011.05.07 15:25 B E:\LMBClub\photos\_IGP9233-JohnsonBaseball.jpg --> ftp.lmbclub.org /public_html/photos _IGP9233-JohnsonBaseball.jpg
2011.05.07 15:25 B E:\LMBClub\photos\_IGP9235-ClumBDayChair.jpg --> ftp.lmbclub.org /public_html/photos _IGP9235-ClumBDayChair.jpg
2011.05.07 15:26 B E:\LMBClub\photos\_IGP9229-Hooks.jpg --> ftp.lmbclub.org /public_html/photos _IGP9229-Hooks.jpg
2011.05.07 15:26 B E:\LMBClub\photos\_IGP9214-ClassenHansen.jpg --> ftp.lmbclub.org /public_html/photos _IGP9214-ClassenHansen.jpg
2011.05.07 15:26 B E:\LMBClub\photos\_IGP9220-JLGeorge.jpg --> ftp.lmbclub.org /public_html/photos _IGP9220-JLGeorge.jpg
2011.05.07 15:26 B E:\LMBClub\photos\_IGP9221-PlockMeagher.jpg --> ftp.lmbclub.org /public_html/photos _IGP9221-PlockMeagher.jpg
2011.05.07 15:26 B E:\LMBClub\photos\_IGP9223-PatersonHansenRorke.jpg --> ftp.lmbclub.org /public_html/photos _IGP9223-PatersonHansenRorke.jpg
2011.05.07 15:26 B E:\LMBClub\photos\_IGP9226-ClumValva.jpg --> ftp.lmbclub.org /public_html/photos _IGP9226-ClumValva.jpg
2011.05.11 16:09 B E:\LMBClub\photos\50star.gif --> ftp.lmbclub.org /photos 50star.gif
2011.05.11 16:10 B E:\LMBClub\photos\_IGP9103WaltersWoodellandX.jpg --> ftp.lmbclub.org /photos _IGP9103WaltersWoodellandX.jpg
2011.05.11 16:10 B E:\LMBClub\photos\_IGP9246-HansenFisherMoglia.jpg --> ftp.lmbclub.org /photos _IGP9246-HansenFisherMoglia.jpg
2011.05.11 16:10 B E:\LMBClub\photos\_IGP9247-Douglas.jpg --> ftp.lmbclub.org /photos _IGP9247-Douglas.jpg
2011.05.11 16:10 B E:\LMBClub\photos\_IGP9248-Osterberg.jpg --> ftp.lmbclub.org /photos _IGP9248-Osterberg.jpg
2011.05.11 16:10 B E:\LMBClub\photos\_IGP9249-Hanson.jpg --> ftp.lmbclub.org /photos _IGP9249-Hanson.jpg
2011.05.11 16:10 B E:\LMBClub\photos\_IGP9254-OsterbergFrankel.jpg --> ftp.lmbclub.org /photos _IGP9254-OsterbergFrankel.jpg
2011.05.11 16:10 B E:\LMBClub\photos\_IGP9256-Rorke.jpg --> ftp.lmbclub.org /photos _IGP9256-Rorke.jpg
2011.05.11 16:10 B E:\LMBClub\photos\_IGP9257-KurraschInvocFrankelGuzman.jpg --> ftp.lmbclub.org /photos _IGP9257-KurraschInvocFrankelGuzman.jpg
2011.05.11 16:10 B E:\LMBClub\photos\_IGP9258-CurottoLibbyOsterberg.jpg --> ftp.lmbclub.org /photos _IGP9258-CurottoLibbyOsterberg.jpg
2011.05.11 16:10 B E:\LMBClub\photos\_IGP9261-FrankelNewRochaGuzman.jpg --> ftp.lmbclub.org /photos _IGP9261-FrankelNewRochaGuzman.jpg
2011.05.11 16:10 B E:\LMBClub\photos\_IGP9262-FrankelCOD.jpg --> ftp.lmbclub.org /photos _IGP9262-FrankelCOD.jpg
2011.05.11 16:10 B E:\LMBClub\photos\_IGP9263-RacanelliSpeaking.jpg --> ftp.lmbclub.org /photos _IGP9263-RacanelliSpeaking.jpg
2011.05.11 16:10 B E:\LMBClub\photos\_IGP9265-Finale.jpg --> ftp.lmbclub.org /photos _IGP9265-Finale.jpg
2011.05.11 16:10 B E:\LMBClub\photos\lmbcDock 003.jpg --> ftp.lmbclub.org /photos lmbcDock 003.jpg
2011.05.11 16:10 B E:\LMBClub\photos\lmbcDock003.jpg --> ftp.lmbclub.org /photos lmbcDock003.jpg
2011.05.11 16:10 B E:\LMBClub\photos\night-light-lake.jpg --> ftp.lmbclub.org /photos night-light-lake.jpg
2011.05.11 16:10 B E:\LMBClub\photos\panorama001.jpg --> ftp.lmbclub.org /photos panorama001.jpg
2011.05.11 16:10 B E:\LMBClub\photos\panorama002.jpg --> ftp.lmbclub.org /photos panorama002.jpg
2011.05.11 16:10 B E:\LMBClub\photos\Thumbs.db --> ftp.lmbclub.org /photos Thumbs.db
2011.05.11 16:10 B E:\LMBClub\photos\VOM_IGP7844-KlinePimente.jpg --> ftp.lmbclub.org /photos VOM_IGP7844-KlinePimente.jpg
2011.05.11 16:14 B E:\LMBClub\photos\VOY2010_IGP8679-BraunKline.jpg --> ftp.lmbclub.org /photos VOY2010_IGP8679-BraunKline.jpg
2011.05.11 16:14 B E:\LMBClub\photos\WS_FTP.LOG --> ftp.lmbclub.org /photos WS_FTP.LOG
2011.05.13 16:36 B E:\LMBClub\photos\_IGP9277-JonickMetzSpkrs.jpg --> ftp.lmbclub.org /photos _IGP9277-JonickMetzSpkrs.jpg
2011.05.13 16:36 B E:\LMBClub\photos\_IGP9269-GuzmanPres.jpg --> ftp.lmbclub.org /photos _IGP9269-GuzmanPres.jpg
2011.05.13 16:36 B E:\LMBClub\photos\_IGP9271-Douglas.jpg --> ftp.lmbclub.org /photos _IGP9271-Douglas.jpg
2011.05.13 16:36 B E:\LMBClub\photos\_IGP9272-Wilkes.jpg --> ftp.lmbclub.org /photos _IGP9272-Wilkes.jpg
2011.05.13 16:36 B E:\LMBClub\photos\_IGP9273-DoctorGuzman.jpg --> ftp.lmbclub.org /photos _IGP9273-DoctorGuzman.jpg
2011.05.13 16:36 B E:\LMBClub\photos\_IGP9274-ChinnClum.jpg --> ftp.lmbclub.org /photos _IGP9274-ChinnClum.jpg
2011.05.13 16:36 B E:\LMBClub\photos\_IGP9275-Savage.jpg --> ftp.lmbclub.org /photos _IGP9275-Savage.jpg
2011.05.13 16:36 B E:\LMBClub\photos\_IGP9275-BackCenterTable.jpg --> ftp.lmbclub.org /photos _IGP9275-BackCenterTable.jpg
2011.05.13 16:36 B E:\LMBClub\photos\_IGP9276-CJ.jpg --> ftp.lmbclub.org /photos _IGP9276-CJ.jpg
2011.05.20 18:42 B E:\LMBClub\photos\_IGP9325-spkrRochaNurseryman.jpg --> ftp.lmbclub.org /photos _IGP9325-spkrRochaNurseryman.jpg
2011.05.20 18:42 B E:\LMBClub\photos\_IGP9303-HansenFisherClassen.jpg --> ftp.lmbclub.org /photos _IGP9303-HansenFisherClassen.jpg
2011.05.20 18:42 B E:\LMBClub\photos\_IGP9307-GuzmanRorke.jpg --> ftp.lmbclub.org /photos _IGP9307-GuzmanRorke.jpg
2011.05.20 18:42 B E:\LMBClub\photos\_IGP9312-LibbyChesnuttThatcher.jpg --> ftp.lmbclub.org /photos _IGP9312-LibbyChesnuttThatcher.jpg
2011.05.20 18:42 B E:\LMBClub\photos\_IGP9316-LMoglia.jpg --> ftp.lmbclub.org /photos _IGP9316-LMoglia.jpg
2011.05.20 18:42 B E:\LMBClub\photos\_IGP9317-TigardGuzman.jpg --> ftp.lmbclub.org /photos _IGP9317-TigardGuzman.jpg
2011.05.20 18:42 B E:\LMBClub\photos\_IGP9318-ClumGuestTMoglia.jpg --> ftp.lmbclub.org /photos _IGP9318-ClumGuestTMoglia.jpg
2011.05.20 18:42 B E:\LMBClub\photos\_IGP9321-GiftsBrownRorkeSDouglas.jpg --> ftp.lmbclub.org /photos _IGP9321-GiftsBrownRorkeSDouglas.jpg
2011.05.20 18:42 B E:\LMBClub\photos\_IGP9323-ChinnCODGuzman.jpg --> ftp.lmbclub.org /photos _IGP9323-ChinnCODGuzman.jpg
2011.05.20 18:46 B E:\LMBClub\photos\50star.gif <-- Lake Merritt Breakfast Club /photos 50star.gif
2011.05.20 18:46 B E:\LMBClub\photos\_IGP9269-GuzmanPres.jpg <-- Lake Merritt Breakfast Club /photos _IGP9269-GuzmanPres.jpg
2011.05.20 18:46 B E:\LMBClub\photos\_IGP9271-Douglas.jpg <-- Lake Merritt Breakfast Club /photos _IGP9271-Douglas.jpg
2011.05.20 18:46 B E:\LMBClub\photos\_IGP9272-Wilkes.jpg <-- Lake Merritt Breakfast Club /photos _IGP9272-Wilkes.jpg
2011.05.20 18:46 B E:\LMBClub\photos\_IGP9273-DoctorGuzman.jpg <-- Lake Merritt Breakfast Club /photos _IGP9273-DoctorGuzman.jpg
2011.05.20 18:46 B E:\LMBClub\photos\_IGP9274-ChinnClum.jpg <-- Lake Merritt Breakfast Club /photos _IGP9274-ChinnClum.jpg
2011.05.20 18:46 B E:\LMBClub\photos\_IGP9275-BackCenterTable.jpg <-- Lake Merritt Breakfast Club /photos _IGP9275-BackCenterTable.jpg
2011.05.20 18:46 B E:\LMBClub\photos\_IGP9275-Savage.jpg <-- Lake Merritt Breakfast Club /photos _IGP9275-Savage.jpg
2011.05.20 18:46 B E:\LMBClub\photos\_IGP9276-CJ.jpg <-- Lake Merritt Breakfast Club /photos _IGP9276-CJ.jpg
2011.05.20 18:46 B E:\LMBClub\photos\_IGP9277-JonickMetzSpkrs.jpg <-- Lake Merritt Breakfast Club /photos _IGP9277-JonickMetzSpkrs.jpg
2011.05.20 18:48 B E:\LMBClub\photos\_IGP9103WaltersWoodellandX.jpg <-- Lake Merritt Breakfast Club /photos _IGP9103WaltersWoodellandX.jpg
2011.05.27 17:16 B E:\LMBClub\photos\_IGP9351-Finale.jpg --> ftp.lmbclub.org /photos _IGP9351-Finale.jpg
2011.05.27 17:16 B E:\LMBClub\photos\_IGP9332_Woodell.jpg --> ftp.lmbclub.org /photos _IGP9332_Woodell.jpg
2011.05.27 17:16 B E:\LMBClub\photos\_IGP9333-Osterloh.jpg --> ftp.lmbclub.org /photos _IGP9333-Osterloh.jpg
2011.05.27 17:16 B E:\LMBClub\photos\_IGP9335-VolsChesnuttHamilton.jpg --> ftp.lmbclub.org /photos _IGP9335-VolsChesnuttHamilton.jpg
2011.05.27 17:16 B E:\LMBClub\photos\_IGP9338-Kurrasch.jpg --> ftp.lmbclub.org /photos _IGP9338-Kurrasch.jpg
2011.05.27 17:16 B E:\LMBClub\photos\_IGP9342-PearlmanInvGuzman.jpg --> ftp.lmbclub.org /photos _IGP9342-PearlmanInvGuzman.jpg
2011.05.27 17:16 B E:\LMBClub\photos\_IGP9344-CjDavidStein.jpg --> ftp.lmbclub.org /photos _IGP9344-CjDavidStein.jpg
2011.05.27 17:16 B E:\LMBClub\photos\_IGP9346-SpkrCorbettSDouglas.jpg --> ftp.lmbclub.org /photos _IGP9346-SpkrCorbettSDouglas.jpg
2011.05.27 17:16 B E:\LMBClub\photos\_IGP9347-CODLee.jpg --> ftp.lmbclub.org /photos _IGP9347-CODLee.jpg
2011.06.02 18:40 B E:\LMBClub\photos\_IGP9368-Doyle.jpg --> ftp.lmbclub.org /photos _IGP9368-Doyle.jpg
2011.06.02 18:40 B E:\LMBClub\photos\_IGP9355-ChinnOsterloh.jpg --> ftp.lmbclub.org /photos _IGP9355-ChinnOsterloh.jpg
2011.06.02 18:40 B E:\LMBClub\photos\_IGP9356-HansenFisher.jpg --> ftp.lmbclub.org /photos _IGP9356-HansenFisher.jpg
2011.06.02 18:40 B E:\LMBClub\photos\_IGP9357-SDouglas.jpg --> ftp.lmbclub.org /photos _IGP9357-SDouglas.jpg
2011.06.02 18:40 B E:\LMBClub\photos\_IGP9361-Frankel.jpg --> ftp.lmbclub.org /photos _IGP9361-Frankel.jpg
2011.06.02 18:40 B E:\LMBClub\photos\_IGP9363-CJandMarkRussell.jpg --> ftp.lmbclub.org /photos _IGP9363-CJandMarkRussell.jpg
2011.06.02 18:40 B E:\LMBClub\photos\_IGP9364-Johnson.jpg --> ftp.lmbclub.org /photos _IGP9364-Johnson.jpg
2011.06.02 18:40 B E:\LMBClub\photos\_IGP9366-OsterbergHanson.jpg --> ftp.lmbclub.org /photos _IGP9366-OsterbergHanson.jpg
2011.06.02 18:40 B E:\LMBClub\photos\_IGP9367-SutterCODDoyle.jpg --> ftp.lmbclub.org /photos _IGP9367-SutterCODDoyle.jpg
2011.06.10 11:05 B E:\LMBClub\photos\_IGP9399GriiffinBugsStewartValva.jpg --> ftp.lmbclub.org /photos _IGP9399GriiffinBugsStewartValva.jpg
2011.06.10 11:05 B E:\LMBClub\photos\_IGP9375LMogliaKurraschsBliss.jpg --> ftp.lmbclub.org /photos _IGP9375LMogliaKurraschsBliss.jpg
2011.06.10 11:05 B E:\LMBClub\photos\_IGP9376-BertHill.jpg --> ftp.lmbclub.org /photos _IGP9376-BertHill.jpg
2011.06.10 11:05 B E:\LMBClub\photos\_IGP9377-Bugs.jpg --> ftp.lmbclub.org /photos _IGP9377-Bugs.jpg
2011.06.10 11:05 B E:\LMBClub\photos\_IGP9384-BlissPlock.jpg --> ftp.lmbclub.org /photos _IGP9384-BlissPlock.jpg
2011.06.10 11:05 B E:\LMBClub\photos\_IGP9386-FrankelAgnelloKrauseThompson.jpg --> ftp.lmbclub.org /photos _IGP9386-FrankelAgnelloKrauseThompson.jpg
2011.06.10 11:05 B E:\LMBClub\photos\_IGP9390-ValvaLurieOthersGuzman.jpg --> ftp.lmbclub.org /photos _IGP9390-ValvaLurieOthersGuzman.jpg
2011.06.10 11:05 B E:\LMBClub\photos\_IGP9391MurphyBrownJohnsonGirlAltemus.jpg --> ftp.lmbclub.org /photos _IGP9391MurphyBrownJohnsonGirlAltemus.jpg
2011.06.10 11:05 B E:\LMBClub\photos\_IGP9394-GuzmanWaligoreSDouglas.jpg --> ftp.lmbclub.org /photos _IGP9394-GuzmanWaligoreSDouglas.jpg
2011.06.16 16:20 B E:\LMBClub\photos\_IGP9441-HardenstineForline.jpg --> ftp.lmbclub.org /photos _IGP9441-HardenstineForline.jpg
2011.06.16 16:20 B E:\LMBClub\photos\_IGP9449-SongleaderOsterberg.jpg --> ftp.lmbclub.org /photos _IGP9449-SongleaderOsterberg.jpg
2011.06.16 16:20 B E:\LMBClub\photos\_IGP9451-Lee.jpg --> ftp.lmbclub.org /photos _IGP9451-Lee.jpg
2011.06.16 16:20 B E:\LMBClub\photos\_IGP9452-RosenTucknott.jpg --> ftp.lmbclub.org /photos _IGP9452-RosenTucknott.jpg
2011.06.16 16:20 B E:\LMBClub\photos\_IGP9454-CJBangertGuzman.jpg --> ftp.lmbclub.org /photos _IGP9454-CJBangertGuzman.jpg
2011.06.16 16:20 B E:\LMBClub\photos\_IGP9456-FrankelKrausePlockLibby.jpg --> ftp.lmbclub.org /photos _IGP9456-FrankelKrausePlockLibby.jpg
2011.06.16 16:20 B E:\LMBClub\photos\_IGP9458-CodChesnutt.jpg --> ftp.lmbclub.org /photos _IGP9458-CodChesnutt.jpg
2011.06.16 16:20 B E:\LMBClub\photos\_IGP9463-SpkrRaburn.jpg --> ftp.lmbclub.org /photos _IGP9463-SpkrRaburn.jpg
2011.06.16 16:20 B E:\LMBClub\photos\_IGP9464-GuzmanCupRaburn.jpg --> ftp.lmbclub.org /photos _IGP9464-GuzmanCupRaburn.jpg
2011.07.01 16:50 B E:\LMBClub\photos\_IGP9487-MorganMarvinVPBilly.jpg --> ftp.lmbclub.org /photos _IGP9487-MorganMarvinVPBilly.jpg
2011.07.01 16:50 B E:\LMBClub\photos\_IGP9468-Paytable.jpg --> ftp.lmbclub.org /photos _IGP9468-Paytable.jpg
2011.07.01 16:50 B E:\LMBClub\photos\_IGP9472-MeagherPlock.jpg --> ftp.lmbclub.org /photos _IGP9472-MeagherPlock.jpg
2011.07.01 16:50 B E:\LMBClub\photos\_IGP9475-Niemann.jpg --> ftp.lmbclub.org /photos _IGP9475-Niemann.jpg
2011.07.01 16:50 B E:\LMBClub\photos\_IGP9476-WwwHooksInvoc.jpg --> ftp.lmbclub.org /photos _IGP9476-WwwHooksInvoc.jpg
2011.07.01 16:50 B E:\LMBClub\photos\_IGP9481-BangertWoodell.jpg --> ftp.lmbclub.org /photos _IGP9481-BangertWoodell.jpg
2011.07.01 16:50 B E:\LMBClub\photos\_IGP9482-Clum-Philips.jpg --> ftp.lmbclub.org /photos _IGP9482-Clum-Philips.jpg
2011.07.01 16:50 B E:\LMBClub\photos\_IGP9483-BDayGang.jpg --> ftp.lmbclub.org /photos _IGP9483-BDayGang.jpg
2011.07.01 16:50 B E:\LMBClub\photos\_IGP9485-MorganByMarvin.jpg --> ftp.lmbclub.org /photos _IGP9485-MorganByMarvin.jpg
2011.07.08 18:48 B E:\LMBClub\photos\_IGP9580-MeagherGuestJennieLippincote.jpg --> ftp.lmbclub.org / _IGP9580-MeagherGuestJennieLippincote.jpg
2011.07.08 18:48 B E:\LMBClub\photos\_IGP9584-Rorke-OWABM.jpg --> ftp.lmbclub.org / _IGP9584-Rorke-OWABM.jpg
2011.07.08 18:48 B E:\LMBClub\photos\_IGP9586-Plock.jpg --> ftp.lmbclub.org / _IGP9586-Plock.jpg
2011.07.08 18:48 B E:\LMBClub\photos\_IGP9587-Hansen.jpg --> ftp.lmbclub.org / _IGP9587-Hansen.jpg
2011.07.08 18:48 B E:\LMBClub\photos\_IGP9589-Krause.jpg --> ftp.lmbclub.org / _IGP9589-Krause.jpg
2011.07.08 18:48 B E:\LMBClub\photos\_IGP9591-Notch.jpg --> ftp.lmbclub.org / _IGP9591-Notch.jpg
2011.07.08 18:48 B E:\LMBClub\photos\_IGP9594-SpkrJenkins.jpg --> ftp.lmbclub.org / _IGP9594-SpkrJenkins.jpg
2011.07.08 18:48 B E:\LMBClub\photos\_IGP9596-thatcher.jpg --> ftp.lmbclub.org / _IGP9596-thatcher.jpg
2011.07.08 18:48 B E:\LMBClub\photos\_IGP9598-GuzmanJenkinsKlineCup.jpg --> ftp.lmbclub.org / _IGP9598-GuzmanJenkinsKlineCup.jpg
2011.07.08 18:51 B E:\LMBClub\photos\_IGP9598-GuzmanJenkinsKlineCup.jpg --> ftp.lmbclub.org /photos _IGP9598-GuzmanJenkinsKlineCup.jpg
2011.07.08 18:51 B E:\LMBClub\photos\_IGP9580-MeagherGuestJennieLippincote.jpg --> ftp.lmbclub.org /photos _IGP9580-MeagherGuestJennieLippincote.jpg
2011.07.08 18:51 B E:\LMBClub\photos\_IGP9584-Rorke-OWABM.jpg --> ftp.lmbclub.org /photos _IGP9584-Rorke-OWABM.jpg
2011.07.08 18:51 B E:\LMBClub\photos\_IGP9586-Plock.jpg --> ftp.lmbclub.org /photos _IGP9586-Plock.jpg
2011.07.08 18:51 B E:\LMBClub\photos\_IGP9587-Hansen.jpg --> ftp.lmbclub.org /photos _IGP9587-Hansen.jpg
2011.07.08 18:51 B E:\LMBClub\photos\_IGP9589-Krause.jpg --> ftp.lmbclub.org /photos _IGP9589-Krause.jpg
2011.07.08 18:51 B E:\LMBClub\photos\_IGP9591-Notch.jpg --> ftp.lmbclub.org /photos _IGP9591-Notch.jpg
2011.07.08 18:52 B E:\LMBClub\photos\_IGP9594-SpkrJenkins.jpg --> ftp.lmbclub.org /photos _IGP9594-SpkrJenkins.jpg
2011.07.08 18:52 B E:\LMBClub\photos\_IGP9596-thatcher.jpg --> ftp.lmbclub.org /photos _IGP9596-thatcher.jpg
2011.07.08 18:53 B E:\LMBClub\photos\_IGP9468-Paytable.jpg <-- Lake Merritt Breakfast Club /photos _IGP9468-Paytable.jpg
2011.07.08 18:53 B E:\LMBClub\photos\_IGP9472-MeagherPlock.jpg <-- Lake Merritt Breakfast Club /photos _IGP9472-MeagherPlock.jpg
2011.07.08 18:53 B E:\LMBClub\photos\_IGP9475-Niemann.jpg <-- Lake Merritt Breakfast Club /photos _IGP9475-Niemann.jpg
2011.07.08 18:53 B E:\LMBClub\photos\_IGP9476-WwwHooksInvoc.jpg <-- Lake Merritt Breakfast Club /photos _IGP9476-WwwHooksInvoc.jpg
2011.07.08 18:53 B E:\LMBClub\photos\_IGP9481-BangertWoodell.jpg <-- Lake Merritt Breakfast Club /photos _IGP9481-BangertWoodell.jpg
2011.07.08 18:53 B E:\LMBClub\photos\_IGP9482-Clum-Philips.jpg <-- Lake Merritt Breakfast Club /photos _IGP9482-Clum-Philips.jpg
2011.07.08 18:53 B E:\LMBClub\photos\_IGP9483-BDayGang.jpg <-- Lake Merritt Breakfast Club /photos _IGP9483-BDayGang.jpg
2011.07.08 18:53 B E:\LMBClub\photos\_IGP9485-MorganByMarvin.jpg <-- Lake Merritt Breakfast Club /photos _IGP9485-MorganByMarvin.jpg
2011.07.08 18:53 B E:\LMBClub\photos\_IGP9487-MorganMarvinVPBilly.jpg <-- Lake Merritt Breakfast Club /photos _IGP9487-MorganMarvinVPBilly.jpg
2011.07.15 14:20 B E:\LMBClub\photos\_IGP9606-GMoore.jpg --> ftp.lmbclub.org /photos _IGP9606-GMoore.jpg
2011.07.15 14:21 B E:\LMBClub\photos\_IGP9600-GerberBeck.jpg --> ftp.lmbclub.org /photos _IGP9600-GerberBeck.jpg
2011.07.15 14:21 B E:\LMBClub\photos\_IGP9601-BMoore.jpg --> ftp.lmbclub.org /photos _IGP9601-BMoore.jpg
2011.07.15 14:21 B E:\LMBClub\photos\_IGP9604-KiddHanson.jpg --> ftp.lmbclub.org /photos _IGP9604-KiddHanson.jpg
2011.07.15 14:21 B E:\LMBClub\photos\_IGP9611-Tucknott.jpg --> ftp.lmbclub.org /photos _IGP9611-Tucknott.jpg
2011.07.15 14:21 B E:\LMBClub\photos\_IGP9613-Kurrasch.jpg --> ftp.lmbclub.org /photos _IGP9613-Kurrasch.jpg
2011.07.15 14:21 B E:\LMBClub\photos\_IGP9614-Johnson.jpg --> ftp.lmbclub.org /photos _IGP9614-Johnson.jpg
2011.07.15 14:21 B E:\LMBClub\photos\_IGP9619-SpkrHaraburda.jpg --> ftp.lmbclub.org /photos _IGP9619-SpkrHaraburda.jpg
